2021-08-30 18:20:20,425 - root - ERROR - Logger has been set to: INFO
2021-08-30 18:20:20,433 - __main__ - INFO - 
2021-08-30 18:20:20,434 - __main__ - INFO - [ estimate_longitudinal_metric_model function ]
2021-08-30 18:20:20,896 - __main__ - INFO - Setting initial onset ages from adni_study/preprocessing_metric_adas/2_gradient_descent_on_the_mode/LongitudinalMetricModel_onset_ages.txt file
2021-08-30 18:20:20,898 - __main__ - INFO - Setting initial log accelerations from adni_study/preprocessing_metric_adas/2_gradient_descent_on_the_mode/LongitudinalMetricModel_log_accelerations.txt file
2021-08-30 18:20:20,900 - __main__ - INFO - Initializing exponential type to parametric
2021-08-30 18:20:20,900 - __main__ - INFO - Loading metric parameters from file adni_study/preprocessing_metric_adas/2_gradient_descent_on_the_mode/LongitudinalMetricModel_metric_parameters.txt
2021-08-30 18:20:20,904 - __main__ - INFO - Loading the interpolation points from file adni_study/preprocessing_metric_adas/2_gradient_descent_on_the_mode/LongitudinalMetricModel_interpolation_points.txt
2021-08-30 18:20:20,906 - __main__ - INFO - The width for the metric interpolation is set to 0.2
2021-08-30 18:20:20,907 - __main__ - INFO - I am setting the no_parallel_transport flag to False.
2021-08-30 18:20:20,908 - __main__ - INFO - >> Reading 1-source initial modulation matrix from file: adni_study/preprocessing_metric_adas/2_gradient_descent_on_the_mode/LongitudinalMetricModel_modulation_matrix.txt
2021-08-30 18:20:20,908 - __main__ - INFO - Setting initial sources from adni_study/preprocessing_metric_adas/2_gradient_descent_on_the_mode/LongitudinalMetricModel_sources.txt file
2021-08-30 18:20:31,658 - __main__ - INFO - >> Initial noise variance set to 0.045959361919104005 based on the initial mean residual value.
2021-08-30 18:20:31,658 - deformetrica.core.models.longitudinal_metric_learning - INFO - >> The time shift variance prior degrees of freedom parameter is set to 430
2021-08-30 18:20:31,659 - deformetrica.core.models.longitudinal_metric_learning - INFO - >> The log-acceleration variance prior degrees of freedom parameter is set to the number of subjects: 430
2021-08-30 18:20:31,659 - deformetrica.core.models.longitudinal_metric_learning - INFO - ('v0', False)
2021-08-30 18:20:31,659 - deformetrica.core.models.longitudinal_metric_learning - INFO - ('p0', False)
2021-08-30 18:20:31,659 - deformetrica.core.models.longitudinal_metric_learning - INFO - ('reference_time', False)
2021-08-30 18:20:31,659 - deformetrica.core.models.longitudinal_metric_learning - INFO - ('onset_age_variance', False)
2021-08-30 18:20:31,659 - deformetrica.core.models.longitudinal_metric_learning - INFO - ('log_acceleration_variance', False)
2021-08-30 18:20:31,659 - deformetrica.core.models.longitudinal_metric_learning - INFO - ('noise_variance', False)
2021-08-30 18:20:31,659 - deformetrica.core.models.longitudinal_metric_learning - INFO - ('metric_parameters', False)
2021-08-30 18:20:31,659 - deformetrica.core.models.longitudinal_metric_learning - INFO - ('modulation_matrix', False)
2021-08-30 18:20:42,001 - __main__ - INFO - 
2021-08-30 18:20:42,001 - __main__ - INFO - [ update method of the McmcSaem  optimizer ]
2021-08-30 18:20:42,001 - deformetrica.core.estimators.mcmc_saem - INFO - ---------------------------------- MCMC Iteration: 0 -------------------------------------
2021-08-30 18:20:42,001 - deformetrica.core.estimators.mcmc_saem - INFO - >> MCMC-SAEM algorithm launched for 100 iterations (50  iterations of burn-in).
2021-08-30 18:20:42,002 - deformetrica.core.models.longitudinal_metric_learning - INFO - >> Model parameters:
2021-08-30 18:20:42,002 - deformetrica.core.models.longitudinal_metric_learning - INFO - 		 noise_variance    =	0.1238
2021-08-30 18:20:42,002 - deformetrica.core.models.longitudinal_metric_learning - INFO - 		 onset_ages        =	74.751	[ mean ]	+/-	8.2201	[std]
2021-08-30 18:20:42,002 - deformetrica.core.models.longitudinal_metric_learning - INFO - 		 log_accelerations =	-0.0000	[ mean ]	+/-	0.4989	[std]
2021-08-30 18:20:42,002 - deformetrica.core.models.longitudinal_metric_learning - INFO - 		 sources           =	0.0006	[ mean ]	+/-	0.9890	[std]
2021-08-30 18:23:26,549 - deformetrica.core.estimator_tools.samplers.srw_mhwg_sampler - INFO - >> Proposal std re-evaluated from:
		 3.907 	to	4.295 	[ onset_age ]
		 0.465 	to	0.529 	[ log_acceleration ]
		 0.808 	to	0.759 	[ sources ]
2021-08-30 18:23:36,765 - deformetrica.core.estimators.mcmc_saem - INFO - 
2021-08-30 18:23:36,765 - deformetrica.core.estimators.mcmc_saem - INFO - [ maximizing over the fixed effects with the GradientAscent optimizer ]
2021-08-30 18:24:20,024 - deformetrica.core.estimators.gradient_ascent - INFO - --------------------------------- GA Iteration: 0/4 -----------------------------------
2021-08-30 18:24:20,029 - deformetrica.core.estimators.gradient_ascent - INFO - >> Log-likelihood = -4.435E+03 	 [ attachment = -4.006E+03 ; regularity = -4.283E+02 ]
2021-08-30 18:24:20,029 - deformetrica.core.estimators.gradient_ascent - INFO - >> Step size and gradient norm: 
2021-08-30 18:24:20,030 - deformetrica.core.estimators.gradient_ascent - INFO - 		7.343E-09   and   1.362E+04 	[ v0 ]
2021-08-30 18:24:20,030 - deformetrica.core.estimators.gradient_ascent - INFO - 		5.123E-07   and   1.952E+03 	[ p0 ]
2021-08-30 18:24:20,030 - deformetrica.core.estimators.gradient_ascent - INFO - 		2.755E-06   and   3.630E+03 	[ metric_parameters ]
2021-08-30 18:24:20,030 - deformetrica.core.estimators.gradient_ascent - INFO - 		7.108E-07   and   1.407E+03 	[ modulation_matrix ]
2021-08-30 18:24:30,335 - deformetrica.core.estimators.gradient_ascent - INFO - --------------------------------- GA Iteration: 1/4 -----------------------------------
2021-08-30 18:24:30,335 - deformetrica.core.estimators.gradient_ascent - INFO - >> Log-likelihood = -4.429E+03 	 [ attachment = -4.000E+03 ; regularity = -4.283E+02 ]
2021-08-30 18:25:11,728 - deformetrica.core.estimators.gradient_ascent - INFO - >> Step size and gradient norm: 
2021-08-30 18:25:11,729 - deformetrica.core.estimators.gradient_ascent - INFO - 		1.101E-08   and   1.663E+04 	[ v0 ]
2021-08-30 18:25:11,729 - deformetrica.core.estimators.gradient_ascent - INFO - 		7.684E-07   and   8.484E+02 	[ p0 ]
2021-08-30 18:25:11,729 - deformetrica.core.estimators.gradient_ascent - INFO - 		4.132E-06   and   3.922E+03 	[ metric_parameters ]
2021-08-30 18:25:11,729 - deformetrica.core.estimators.gradient_ascent - INFO - 		1.066E-06   and   1.418E+03 	[ modulation_matrix ]
2021-08-30 18:26:04,095 - deformetrica.core.estimators.gradient_ascent - INFO - >> Step size and gradient norm: 
2021-08-30 18:26:04,095 - deformetrica.core.estimators.gradient_ascent - INFO - 		8.812E-09   and   1.663E+04 	[ v0 ]
2021-08-30 18:26:04,095 - deformetrica.core.estimators.gradient_ascent - INFO - 		6.147E-07   and   8.484E+02 	[ p0 ]
2021-08-30 18:26:04,095 - deformetrica.core.estimators.gradient_ascent - INFO - 		3.306E-06   and   3.922E+03 	[ metric_parameters ]
2021-08-30 18:26:04,095 - deformetrica.core.estimators.gradient_ascent - INFO - 		8.530E-07   and   1.418E+03 	[ modulation_matrix ]
2021-08-30 18:26:57,366 - deformetrica.core.estimators.gradient_ascent - INFO - >> Step size and gradient norm: 
2021-08-30 18:26:57,366 - deformetrica.core.estimators.gradient_ascent - INFO - 		7.049E-09   and   1.663E+04 	[ v0 ]
2021-08-30 18:26:57,366 - deformetrica.core.estimators.gradient_ascent - INFO - 		4.918E-07   and   8.484E+02 	[ p0 ]
2021-08-30 18:26:57,367 - deformetrica.core.estimators.gradient_ascent - INFO - 		2.645E-06   and   3.922E+03 	[ metric_parameters ]
2021-08-30 18:26:57,367 - deformetrica.core.estimators.gradient_ascent - INFO - 		6.824E-07   and   1.418E+03 	[ modulation_matrix ]
2021-08-30 18:27:48,606 - deformetrica.core.estimators.gradient_ascent - INFO - --------------------------------- GA Iteration: 2/4 -----------------------------------
2021-08-30 18:27:48,606 - deformetrica.core.estimators.gradient_ascent - INFO - >> Log-likelihood = -4.426E+03 	 [ attachment = -3.998E+03 ; regularity = -4.283E+02 ]
2021-08-30 18:28:29,746 - deformetrica.core.estimators.gradient_ascent - INFO - >> Step size and gradient norm: 
2021-08-30 18:28:29,746 - deformetrica.core.estimators.gradient_ascent - INFO - 		5.639E-09   and   8.085E+03 	[ v0 ]
2021-08-30 18:28:29,747 - deformetrica.core.estimators.gradient_ascent - INFO - 		4.918E-07   and   3.227E+03 	[ p0 ]
2021-08-30 18:28:29,747 - deformetrica.core.estimators.gradient_ascent - INFO - 		2.116E-06   and   5.000E+03 	[ metric_parameters ]
2021-08-30 18:28:29,747 - deformetrica.core.estimators.gradient_ascent - INFO - 		5.459E-07   and   1.274E+03 	[ modulation_matrix ]
2021-08-30 18:29:22,217 - deformetrica.core.estimators.gradient_ascent - INFO - --------------------------------- GA Iteration: 3/4 -----------------------------------
2021-08-30 18:29:22,217 - deformetrica.core.estimators.gradient_ascent - INFO - >> Log-likelihood = -4.420E+03 	 [ attachment = -3.992E+03 ; regularity = -4.283E+02 ]
2021-08-30 18:30:03,896 - deformetrica.core.estimators.gradient_ascent - INFO - >> Step size and gradient norm: 
2021-08-30 18:30:03,903 - deformetrica.core.estimators.gradient_ascent - INFO - 		4.512E-09   and   1.581E+04 	[ v0 ]
2021-08-30 18:30:03,904 - deformetrica.core.estimators.gradient_ascent - INFO - 		4.918E-07   and   1.190E+03 	[ p0 ]
2021-08-30 18:30:03,904 - deformetrica.core.estimators.gradient_ascent - INFO - 		1.693E-06   and   4.323E+03 	[ metric_parameters ]
2021-08-30 18:30:03,905 - deformetrica.core.estimators.gradient_ascent - INFO - 		4.367E-07   and   1.401E+03 	[ modulation_matrix ]
2021-08-30 18:30:14,399 - deformetrica.core.estimators.gradient_ascent - INFO - --------------------------------- GA Iteration: 4/4 -----------------------------------
2021-08-30 18:30:14,399 - deformetrica.core.estimators.gradient_ascent - INFO - >> Log-likelihood = -4.415E+03 	 [ attachment = -3.987E+03 ; regularity = -4.283E+02 ]
2021-08-30 18:30:14,400 - deformetrica.core.estimators.mcmc_saem - INFO - 
2021-08-30 18:30:14,401 - deformetrica.core.estimators.mcmc_saem - INFO - [ end of the gradient-based maximization ]
2021-08-30 18:30:14,410 - deformetrica.core.estimators.mcmc_saem - INFO - 
2021-08-30 18:30:14,410 - deformetrica.core.estimators.mcmc_saem - INFO - ---------------------------------- MCMC Iteration: 1 -------------------------------------
2021-08-30 18:30:14,410 - deformetrica.core.estimators.mcmc_saem - INFO - >> Average acceptance rates (all past iterations):
2021-08-30 18:30:14,410 - deformetrica.core.estimators.mcmc_saem - INFO -        53.25581395348837   onset_age
2021-08-30 18:30:14,410 - deformetrica.core.estimators.mcmc_saem - INFO -        59.581395348837205   log_acceleration
2021-08-30 18:30:14,410 - deformetrica.core.estimators.mcmc_saem - INFO -        29.34883720930232   sources
2021-08-30 18:30:14,410 - deformetrica.core.models.longitudinal_metric_learning - INFO - >> Model parameters:
2021-08-30 18:30:14,410 - deformetrica.core.models.longitudinal_metric_learning - INFO - 		 noise_variance    =	0.1086
2021-08-30 18:30:14,411 - deformetrica.core.models.longitudinal_metric_learning - INFO - 		 onset_ages        =	74.980	[ mean ]	+/-	8.6777	[std]
2021-08-30 18:30:14,411 - deformetrica.core.models.longitudinal_metric_learning - INFO - 		 log_accelerations =	-0.0000	[ mean ]	+/-	0.4848	[std]
2021-08-30 18:30:14,411 - deformetrica.core.models.longitudinal_metric_learning - INFO - 		 sources           =	0.0422	[ mean ]	+/-	1.0000	[std]
2021-08-30 18:33:19,752 - deformetrica.core.estimator_tools.samplers.srw_mhwg_sampler - INFO - >> Proposal std re-evaluated from:
		 5.031 	to	5.258 	[ onset_age ]
		 0.659 	to	0.681 	[ log_acceleration ]
		 0.760 	to	0.761 	[ sources ]
2021-08-30 18:33:29,914 - deformetrica.core.estimators.mcmc_saem - INFO - 
2021-08-30 18:33:29,914 - deformetrica.core.estimators.mcmc_saem - INFO - [ maximizing over the fixed effects with the GradientAscent optimizer ]
2021-08-30 18:34:11,919 - deformetrica.core.estimators.gradient_ascent - INFO - --------------------------------- GA Iteration: 0/4 -----------------------------------
2021-08-30 18:34:11,921 - deformetrica.core.estimators.gradient_ascent - INFO - >> Log-likelihood = -4.788E+03 	 [ attachment = -4.372E+03 ; regularity = -4.161E+02 ]
2021-08-30 18:34:11,921 - deformetrica.core.estimators.gradient_ascent - INFO - >> Step size and gradient norm: 
2021-08-30 18:34:11,921 - deformetrica.core.estimators.gradient_ascent - INFO - 		7.034E-09   and   3.333E+04 	[ v0 ]
2021-08-30 18:34:11,922 - deformetrica.core.estimators.gradient_ascent - INFO - 		7.377E-07   and   3.371E+03 	[ p0 ]
2021-08-30 18:34:11,922 - deformetrica.core.estimators.gradient_ascent - INFO - 		2.539E-06   and   1.001E+04 	[ metric_parameters ]
2021-08-30 18:34:11,922 - deformetrica.core.estimators.gradient_ascent - INFO - 		1.028E-06   and   8.449E+02 	[ modulation_matrix ]
2021-08-30 18:35:03,687 - deformetrica.core.estimators.gradient_ascent - INFO - >> Step size and gradient norm: 
2021-08-30 18:35:03,687 - deformetrica.core.estimators.gradient_ascent - INFO - 		5.628E-09   and   3.333E+04 	[ v0 ]
2021-08-30 18:35:03,687 - deformetrica.core.estimators.gradient_ascent - INFO - 		5.902E-07   and   3.371E+03 	[ p0 ]
2021-08-30 18:35:03,687 - deformetrica.core.estimators.gradient_ascent - INFO - 		2.031E-06   and   1.001E+04 	[ metric_parameters ]
2021-08-30 18:35:03,687 - deformetrica.core.estimators.gradient_ascent - INFO - 		8.222E-07   and   8.449E+02 	[ modulation_matrix ]
2021-08-30 18:35:57,157 - deformetrica.core.estimators.gradient_ascent - INFO - --------------------------------- GA Iteration: 1/4 -----------------------------------
2021-08-30 18:35:57,157 - deformetrica.core.estimators.gradient_ascent - INFO - >> Log-likelihood = -4.768E+03 	 [ attachment = -4.352E+03 ; regularity = -4.161E+02 ]
2021-08-30 18:36:38,923 - deformetrica.core.estimators.gradient_ascent - INFO - >> Step size and gradient norm: 
2021-08-30 18:36:38,924 - deformetrica.core.estimators.gradient_ascent - INFO - 		5.628E-09   and   4.070E+04 	[ v0 ]
2021-08-30 18:36:38,924 - deformetrica.core.estimators.gradient_ascent - INFO - 		4.721E-07   and   6.403E+03 	[ p0 ]
2021-08-30 18:36:38,925 - deformetrica.core.estimators.gradient_ascent - INFO - 		1.625E-06   and   1.010E+04 	[ metric_parameters ]
2021-08-30 18:36:38,925 - deformetrica.core.estimators.gradient_ascent - INFO - 		6.577E-07   and   8.391E+02 	[ modulation_matrix ]
2021-08-30 18:37:30,640 - deformetrica.core.estimators.gradient_ascent - INFO - --------------------------------- GA Iteration: 2/4 -----------------------------------
2021-08-30 18:37:30,640 - deformetrica.core.estimators.gradient_ascent - INFO - >> Log-likelihood = -4.749E+03 	 [ attachment = -4.333E+03 ; regularity = -4.161E+02 ]
2021-08-30 18:38:12,265 - deformetrica.core.estimators.gradient_ascent - INFO - >> Step size and gradient norm: 
2021-08-30 18:38:12,265 - deformetrica.core.estimators.gradient_ascent - INFO - 		4.502E-09   and   2.746E+04 	[ v0 ]
2021-08-30 18:38:12,265 - deformetrica.core.estimators.gradient_ascent - INFO - 		3.777E-07   and   2.312E+03 	[ p0 ]
2021-08-30 18:38:12,265 - deformetrica.core.estimators.gradient_ascent - INFO - 		1.300E-06   and   7.602E+03 	[ metric_parameters ]
2021-08-30 18:38:12,265 - deformetrica.core.estimators.gradient_ascent - INFO - 		6.577E-07   and   6.074E+02 	[ modulation_matrix ]
2021-08-30 18:38:23,026 - deformetrica.core.estimators.gradient_ascent - INFO - --------------------------------- GA Iteration: 3/4 -----------------------------------
2021-08-30 18:38:23,026 - deformetrica.core.estimators.gradient_ascent - INFO - >> Log-likelihood = -4.729E+03 	 [ attachment = -4.312E+03 ; regularity = -4.161E+02 ]
2021-08-30 18:39:04,679 - deformetrica.core.estimators.gradient_ascent - INFO - >> Step size and gradient norm: 
2021-08-30 18:39:04,679 - deformetrica.core.estimators.gradient_ascent - INFO - 		6.753E-09   and   3.020E+04 	[ v0 ]
2021-08-30 18:39:04,679 - deformetrica.core.estimators.gradient_ascent - INFO - 		5.665E-07   and   3.476E+03 	[ p0 ]
2021-08-30 18:39:04,679 - deformetrica.core.estimators.gradient_ascent - INFO - 		1.950E-06   and   5.169E+03 	[ metric_parameters ]
2021-08-30 18:39:04,679 - deformetrica.core.estimators.gradient_ascent - INFO - 		9.866E-07   and   7.080E+02 	[ modulation_matrix ]
2021-08-30 18:39:14,982 - deformetrica.core.estimators.gradient_ascent - INFO - --------------------------------- GA Iteration: 4/4 -----------------------------------
2021-08-30 18:39:14,982 - deformetrica.core.estimators.gradient_ascent - INFO - >> Log-likelihood = -4.724E+03 	 [ attachment = -4.308E+03 ; regularity = -4.161E+02 ]
2021-08-30 18:39:14,983 - deformetrica.core.estimators.mcmc_saem - INFO - 
2021-08-30 18:39:14,983 - deformetrica.core.estimators.mcmc_saem - INFO - [ end of the gradient-based maximization ]
2021-08-30 18:39:14,989 - deformetrica.core.estimators.mcmc_saem - INFO - 
2021-08-30 18:39:14,989 - deformetrica.core.estimators.mcmc_saem - INFO - ---------------------------------- MCMC Iteration: 2 -------------------------------------
2021-08-30 18:39:14,989 - deformetrica.core.estimators.mcmc_saem - INFO - >> Average acceptance rates (all past iterations):
2021-08-30 18:39:14,989 - deformetrica.core.estimators.mcmc_saem - INFO -        47.2093023255814   onset_age
2021-08-30 18:39:14,989 - deformetrica.core.estimators.mcmc_saem - INFO -        51.3953488372093   log_acceleration
2021-08-30 18:39:14,989 - deformetrica.core.estimators.mcmc_saem - INFO -        31.44186046511627   sources
2021-08-30 18:39:14,989 - deformetrica.core.models.longitudinal_metric_learning - INFO - >> Model parameters:
2021-08-30 18:39:14,989 - deformetrica.core.models.longitudinal_metric_learning - INFO - 		 noise_variance    =	0.1006
2021-08-30 18:39:14,989 - deformetrica.core.models.longitudinal_metric_learning - INFO - 		 onset_ages        =	75.355	[ mean ]	+/-	9.0564	[std]
2021-08-30 18:39:14,990 - deformetrica.core.models.longitudinal_metric_learning - INFO - 		 log_accelerations =	-0.0000	[ mean ]	+/-	0.4998	[std]
2021-08-30 18:39:14,990 - deformetrica.core.models.longitudinal_metric_learning - INFO - 		 sources           =	0.0439	[ mean ]	+/-	1.0000	[std]
2021-08-30 18:42:20,444 - deformetrica.core.estimator_tools.samplers.srw_mhwg_sampler - INFO - >> Proposal std re-evaluated from:
		 5.603 	to	5.676 	[ onset_age ]
		 0.736 	to	0.721 	[ log_acceleration ]
		 0.743 	to	0.737 	[ sources ]
2021-08-30 18:42:32,287 - deformetrica.core.estimators.mcmc_saem - INFO - 
2021-08-30 18:42:32,288 - deformetrica.core.estimators.mcmc_saem - INFO - [ maximizing over the fixed effects with the GradientAscent optimizer ]
2021-08-30 18:43:25,635 - deformetrica.core.estimators.gradient_ascent - INFO - --------------------------------- GA Iteration: 0/4 -----------------------------------
2021-08-30 18:43:25,637 - deformetrica.core.estimators.gradient_ascent - INFO - >> Log-likelihood = -5.095E+03 	 [ attachment = -4.697E+03 ; regularity = -3.974E+02 ]
2021-08-30 18:43:25,637 - deformetrica.core.estimators.gradient_ascent - INFO - >> Step size and gradient norm: 
2021-08-30 18:43:25,638 - deformetrica.core.estimators.gradient_ascent - INFO - 		1.066E-08   and   5.518E+04 	[ v0 ]
2021-08-30 18:43:25,638 - deformetrica.core.estimators.gradient_ascent - INFO - 		8.498E-07   and   1.445E+03 	[ p0 ]
2021-08-30 18:43:25,638 - deformetrica.core.estimators.gradient_ascent - INFO - 		2.925E-06   and   7.782E+03 	[ metric_parameters ]
2021-08-30 18:43:25,638 - deformetrica.core.estimators.gradient_ascent - INFO - 		1.790E-06   and   8.157E+02 	[ modulation_matrix ]
2021-08-30 18:44:22,337 - deformetrica.core.estimators.gradient_ascent - INFO - >> Step size and gradient norm: 
2021-08-30 18:44:22,337 - deformetrica.core.estimators.gradient_ascent - INFO - 		8.530E-09   and   5.518E+04 	[ v0 ]
2021-08-30 18:44:22,337 - deformetrica.core.estimators.gradient_ascent - INFO - 		6.799E-07   and   1.445E+03 	[ p0 ]
2021-08-30 18:44:22,337 - deformetrica.core.estimators.gradient_ascent - INFO - 		2.340E-06   and   7.782E+03 	[ metric_parameters ]
2021-08-30 18:44:22,337 - deformetrica.core.estimators.gradient_ascent - INFO - 		1.432E-06   and   8.157E+02 	[ modulation_matrix ]
2021-08-30 18:45:13,645 - deformetrica.core.estimators.gradient_ascent - INFO - --------------------------------- GA Iteration: 1/4 -----------------------------------
2021-08-30 18:45:13,645 - deformetrica.core.estimators.gradient_ascent - INFO - >> Log-likelihood = -5.077E+03 	 [ attachment = -4.680E+03 ; regularity = -3.974E+02 ]
2021-08-30 18:45:55,279 - deformetrica.core.estimators.gradient_ascent - INFO - >> Step size and gradient norm: 
2021-08-30 18:45:55,280 - deformetrica.core.estimators.gradient_ascent - INFO - 		6.824E-09   and   5.235E+04 	[ v0 ]
2021-08-30 18:45:55,280 - deformetrica.core.estimators.gradient_ascent - INFO - 		6.799E-07   and   7.499E+03 	[ p0 ]
2021-08-30 18:45:55,281 - deformetrica.core.estimators.gradient_ascent - INFO - 		1.872E-06   and   1.079E+04 	[ metric_parameters ]
2021-08-30 18:45:55,281 - deformetrica.core.estimators.gradient_ascent - INFO - 		1.145E-06   and   7.714E+02 	[ modulation_matrix ]
2021-08-30 18:46:46,872 - deformetrica.core.estimators.gradient_ascent - INFO - --------------------------------- GA Iteration: 2/4 -----------------------------------
2021-08-30 18:46:46,873 - deformetrica.core.estimators.gradient_ascent - INFO - >> Log-likelihood = -5.064E+03 	 [ attachment = -4.666E+03 ; regularity = -3.974E+02 ]
2021-08-30 18:47:28,256 - deformetrica.core.estimators.gradient_ascent - INFO - >> Step size and gradient norm: 
2021-08-30 18:47:28,256 - deformetrica.core.estimators.gradient_ascent - INFO - 		5.459E-09   and   4.321E+04 	[ v0 ]
2021-08-30 18:47:28,256 - deformetrica.core.estimators.gradient_ascent - INFO - 		5.439E-07   and   3.463E+03 	[ p0 ]
2021-08-30 18:47:28,257 - deformetrica.core.estimators.gradient_ascent - INFO - 		1.497E-06   and   1.139E+04 	[ metric_parameters ]
2021-08-30 18:47:28,257 - deformetrica.core.estimators.gradient_ascent - INFO - 		1.145E-06   and   8.348E+02 	[ modulation_matrix ]
2021-08-30 18:47:38,604 - deformetrica.core.estimators.gradient_ascent - INFO - --------------------------------- GA Iteration: 3/4 -----------------------------------
2021-08-30 18:47:38,604 - deformetrica.core.estimators.gradient_ascent - INFO - >> Log-likelihood = -5.040E+03 	 [ attachment = -4.642E+03 ; regularity = -3.974E+02 ]
2021-08-30 18:48:20,208 - deformetrica.core.estimators.gradient_ascent - INFO - >> Step size and gradient norm: 
2021-08-30 18:48:20,208 - deformetrica.core.estimators.gradient_ascent - INFO - 		8.189E-09   and   4.284E+04 	[ v0 ]
2021-08-30 18:48:20,209 - deformetrica.core.estimators.gradient_ascent - INFO - 		8.158E-07   and   7.380E+03 	[ p0 ]
2021-08-30 18:48:20,209 - deformetrica.core.estimators.gradient_ascent - INFO - 		2.246E-06   and   1.165E+04 	[ metric_parameters ]
2021-08-30 18:48:20,209 - deformetrica.core.estimators.gradient_ascent - INFO - 		1.718E-06   and   6.220E+02 	[ modulation_matrix ]
2021-08-30 18:49:11,769 - deformetrica.core.estimators.gradient_ascent - INFO - >> Step size and gradient norm: 
2021-08-30 18:49:11,769 - deformetrica.core.estimators.gradient_ascent - INFO - 		6.551E-09   and   4.284E+04 	[ v0 ]
2021-08-30 18:49:11,769 - deformetrica.core.estimators.gradient_ascent - INFO - 		6.527E-07   and   7.380E+03 	[ p0 ]
2021-08-30 18:49:11,769 - deformetrica.core.estimators.gradient_ascent - INFO - 		1.797E-06   and   1.165E+04 	[ metric_parameters ]
2021-08-30 18:49:11,769 - deformetrica.core.estimators.gradient_ascent - INFO - 		1.375E-06   and   6.220E+02 	[ modulation_matrix ]
2021-08-30 18:50:03,207 - deformetrica.core.estimators.gradient_ascent - INFO - --------------------------------- GA Iteration: 4/4 -----------------------------------
2021-08-30 18:50:03,207 - deformetrica.core.estimators.gradient_ascent - INFO - >> Log-likelihood = -5.027E+03 	 [ attachment = -4.630E+03 ; regularity = -3.974E+02 ]
2021-08-30 18:50:03,207 - deformetrica.core.estimators.mcmc_saem - INFO - 
2021-08-30 18:50:03,207 - deformetrica.core.estimators.mcmc_saem - INFO - [ end of the gradient-based maximization ]
2021-08-30 18:50:03,213 - deformetrica.core.estimators.mcmc_saem - INFO - 
2021-08-30 18:50:03,213 - deformetrica.core.estimators.mcmc_saem - INFO - ---------------------------------- MCMC Iteration: 3 -------------------------------------
2021-08-30 18:50:03,213 - deformetrica.core.estimators.mcmc_saem - INFO - >> Average acceptance rates (all past iterations):
2021-08-30 18:50:03,213 - deformetrica.core.estimators.mcmc_saem - INFO -        43.73643410852715   onset_age
2021-08-30 18:50:03,213 - deformetrica.core.estimators.mcmc_saem - INFO -        46.3875968992248   log_acceleration
2021-08-30 18:50:03,213 - deformetrica.core.estimators.mcmc_saem - INFO -        31.767441860465112   sources
2021-08-30 18:50:03,213 - deformetrica.core.models.longitudinal_metric_learning - INFO - >> Model parameters:
2021-08-30 18:50:03,214 - deformetrica.core.models.longitudinal_metric_learning - INFO - 		 noise_variance    =	0.0974
2021-08-30 18:50:03,214 - deformetrica.core.models.longitudinal_metric_learning - INFO - 		 onset_ages        =	75.557	[ mean ]	+/-	9.4276	[std]
2021-08-30 18:50:03,214 - deformetrica.core.models.longitudinal_metric_learning - INFO - 		 log_accelerations =	-0.0000	[ mean ]	+/-	0.5362	[std]
2021-08-30 18:50:03,214 - deformetrica.core.models.longitudinal_metric_learning - INFO - 		 sources           =	0.0209	[ mean ]	+/-	1.0000	[std]
2021-08-30 18:53:07,108 - deformetrica.core.estimator_tools.samplers.srw_mhwg_sampler - INFO - >> Proposal std re-evaluated from:
		 5.795 	to	5.861 	[ onset_age ]
		 0.749 	to	0.750 	[ log_acceleration ]
		 0.768 	to	0.771 	[ sources ]
2021-08-30 18:53:17,359 - deformetrica.core.estimators.mcmc_saem - INFO - 
2021-08-30 18:53:17,360 - deformetrica.core.estimators.mcmc_saem - INFO - [ maximizing over the fixed effects with the GradientAscent optimizer ]
2021-08-30 18:53:58,781 - deformetrica.core.estimators.gradient_ascent - INFO - --------------------------------- GA Iteration: 0/4 -----------------------------------
2021-08-30 18:53:58,781 - deformetrica.core.estimators.gradient_ascent - INFO - >> Log-likelihood = -5.276E+03 	 [ attachment = -4.882E+03 ; regularity = -3.945E+02 ]
2021-08-30 18:53:58,781 - deformetrica.core.estimators.gradient_ascent - INFO - >> Step size and gradient norm: 
2021-08-30 18:53:58,781 - deformetrica.core.estimators.gradient_ascent - INFO - 		6.746E-09   and   6.120E+04 	[ v0 ]
2021-08-30 18:53:58,782 - deformetrica.core.estimators.gradient_ascent - INFO - 		5.221E-07   and   3.566E+03 	[ p0 ]
2021-08-30 18:53:58,782 - deformetrica.core.estimators.gradient_ascent - INFO - 		1.438E-06   and   1.271E+04 	[ metric_parameters ]
2021-08-30 18:53:58,782 - deformetrica.core.estimators.gradient_ascent - INFO - 		1.290E-06   and   1.409E+03 	[ modulation_matrix ]
2021-08-30 18:54:09,086 - deformetrica.core.estimators.gradient_ascent - INFO - --------------------------------- GA Iteration: 1/4 -----------------------------------
2021-08-30 18:54:09,086 - deformetrica.core.estimators.gradient_ascent - INFO - >> Log-likelihood = -5.228E+03 	 [ attachment = -4.833E+03 ; regularity = -3.945E+02 ]
2021-08-30 18:54:50,192 - deformetrica.core.estimators.gradient_ascent - INFO - >> Step size and gradient norm: 
2021-08-30 18:54:50,192 - deformetrica.core.estimators.gradient_ascent - INFO - 		1.012E-08   and   5.408E+04 	[ v0 ]
2021-08-30 18:54:50,192 - deformetrica.core.estimators.gradient_ascent - INFO - 		7.832E-07   and   8.138E+03 	[ p0 ]
2021-08-30 18:54:50,192 - deformetrica.core.estimators.gradient_ascent - INFO - 		2.156E-06   and   1.197E+04 	[ metric_parameters ]
2021-08-30 18:54:50,192 - deformetrica.core.estimators.gradient_ascent - INFO - 		1.935E-06   and   1.113E+03 	[ modulation_matrix ]
2021-08-30 18:55:41,909 - deformetrica.core.estimators.gradient_ascent - INFO - >> Step size and gradient norm: 
2021-08-30 18:55:41,909 - deformetrica.core.estimators.gradient_ascent - INFO - 		8.095E-09   and   5.408E+04 	[ v0 ]
2021-08-30 18:55:41,910 - deformetrica.core.estimators.gradient_ascent - INFO - 		6.266E-07   and   8.138E+03 	[ p0 ]
2021-08-30 18:55:41,910 - deformetrica.core.estimators.gradient_ascent - INFO - 		1.725E-06   and   1.197E+04 	[ metric_parameters ]
2021-08-30 18:55:41,910 - deformetrica.core.estimators.gradient_ascent - INFO - 		1.548E-06   and   1.113E+03 	[ modulation_matrix ]
2021-08-30 18:56:34,072 - deformetrica.core.estimators.gradient_ascent - INFO - --------------------------------- GA Iteration: 2/4 -----------------------------------
2021-08-30 18:56:34,073 - deformetrica.core.estimators.gradient_ascent - INFO - >> Log-likelihood = -5.203E+03 	 [ attachment = -4.808E+03 ; regularity = -3.945E+02 ]
2021-08-30 18:57:15,213 - deformetrica.core.estimators.gradient_ascent - INFO - >> Step size and gradient norm: 
2021-08-30 18:57:15,214 - deformetrica.core.estimators.gradient_ascent - INFO - 		6.476E-09   and   4.657E+04 	[ v0 ]
2021-08-30 18:57:15,215 - deformetrica.core.estimators.gradient_ascent - INFO - 		5.012E-07   and   3.243E+03 	[ p0 ]
2021-08-30 18:57:15,215 - deformetrica.core.estimators.gradient_ascent - INFO - 		1.380E-06   and   1.131E+04 	[ metric_parameters ]
2021-08-30 18:57:15,215 - deformetrica.core.estimators.gradient_ascent - INFO - 		1.548E-06   and   1.338E+03 	[ modulation_matrix ]
2021-08-30 18:57:25,759 - deformetrica.core.estimators.gradient_ascent - INFO - --------------------------------- GA Iteration: 3/4 -----------------------------------
2021-08-30 18:57:25,759 - deformetrica.core.estimators.gradient_ascent - INFO - >> Log-likelihood = -5.184E+03 	 [ attachment = -4.790E+03 ; regularity = -3.945E+02 ]
2021-08-30 18:58:07,023 - deformetrica.core.estimators.gradient_ascent - INFO - >> Step size and gradient norm: 
2021-08-30 18:58:07,024 - deformetrica.core.estimators.gradient_ascent - INFO - 		9.714E-09   and   4.337E+04 	[ v0 ]
2021-08-30 18:58:07,024 - deformetrica.core.estimators.gradient_ascent - INFO - 		7.519E-07   and   7.446E+03 	[ p0 ]
2021-08-30 18:58:07,025 - deformetrica.core.estimators.gradient_ascent - INFO - 		2.070E-06   and   1.176E+04 	[ metric_parameters ]
2021-08-30 18:58:07,025 - deformetrica.core.estimators.gradient_ascent - INFO - 		2.322E-06   and   1.017E+03 	[ modulation_matrix ]
2021-08-30 18:58:58,359 - deformetrica.core.estimators.gradient_ascent - INFO - >> Step size and gradient norm: 
2021-08-30 18:58:58,359 - deformetrica.core.estimators.gradient_ascent - INFO - 		7.771E-09   and   4.337E+04 	[ v0 ]
2021-08-30 18:58:58,359 - deformetrica.core.estimators.gradient_ascent - INFO - 		6.015E-07   and   7.446E+03 	[ p0 ]
2021-08-30 18:58:58,359 - deformetrica.core.estimators.gradient_ascent - INFO - 		1.656E-06   and   1.176E+04 	[ metric_parameters ]
2021-08-30 18:58:58,359 - deformetrica.core.estimators.gradient_ascent - INFO - 		1.857E-06   and   1.017E+03 	[ modulation_matrix ]
2021-08-30 18:59:49,935 - deformetrica.core.estimators.gradient_ascent - INFO - --------------------------------- GA Iteration: 4/4 -----------------------------------
2021-08-30 18:59:49,936 - deformetrica.core.estimators.gradient_ascent - INFO - >> Log-likelihood = -5.158E+03 	 [ attachment = -4.764E+03 ; regularity = -3.945E+02 ]
2021-08-30 18:59:49,936 - deformetrica.core.estimators.mcmc_saem - INFO - 
2021-08-30 18:59:49,936 - deformetrica.core.estimators.mcmc_saem - INFO - [ end of the gradient-based maximization ]
2021-08-30 18:59:49,942 - deformetrica.core.estimators.mcmc_saem - INFO - 
2021-08-30 18:59:49,942 - deformetrica.core.estimators.mcmc_saem - INFO - ---------------------------------- MCMC Iteration: 4 -------------------------------------
2021-08-30 18:59:49,942 - deformetrica.core.estimators.mcmc_saem - INFO - >> Average acceptance rates (all past iterations):
2021-08-30 18:59:49,942 - deformetrica.core.estimators.mcmc_saem - INFO -        41.5232558139535   onset_age
2021-08-30 18:59:49,942 - deformetrica.core.estimators.mcmc_saem - INFO -        43.61627906976743   log_acceleration
2021-08-30 18:59:49,943 - deformetrica.core.estimators.mcmc_saem - INFO -        32.74418604651162   sources
2021-08-30 18:59:49,943 - deformetrica.core.models.longitudinal_metric_learning - INFO - >> Model parameters:
2021-08-30 18:59:49,943 - deformetrica.core.models.longitudinal_metric_learning - INFO - 		 noise_variance    =	0.0963
2021-08-30 18:59:49,943 - deformetrica.core.models.longitudinal_metric_learning - INFO - 		 onset_ages        =	75.782	[ mean ]	+/-	9.5038	[std]
2021-08-30 18:59:49,943 - deformetrica.core.models.longitudinal_metric_learning - INFO - 		 log_accelerations =	-0.0000	[ mean ]	+/-	0.5420	[std]
2021-08-30 18:59:49,943 - deformetrica.core.models.longitudinal_metric_learning - INFO - 		 sources           =	0.0460	[ mean ]	+/-	1.0000	[std]
2021-08-30 19:02:55,087 - deformetrica.core.estimator_tools.samplers.srw_mhwg_sampler - INFO - >> Proposal std re-evaluated from:
		 5.992 	to	6.013 	[ onset_age ]
		 0.761 	to	0.766 	[ log_acceleration ]
		 0.789 	to	0.791 	[ sources ]
2021-08-30 19:03:05,458 - deformetrica.core.estimators.mcmc_saem - INFO - 
2021-08-30 19:03:05,458 - deformetrica.core.estimators.mcmc_saem - INFO - [ maximizing over the fixed effects with the GradientAscent optimizer ]
2021-08-30 19:03:46,909 - deformetrica.core.estimators.gradient_ascent - INFO - --------------------------------- GA Iteration: 0/4 -----------------------------------
2021-08-30 19:03:46,911 - deformetrica.core.estimators.gradient_ascent - INFO - >> Log-likelihood = -5.284E+03 	 [ attachment = -4.885E+03 ; regularity = -3.990E+02 ]
2021-08-30 19:03:46,911 - deformetrica.core.estimators.gradient_ascent - INFO - >> Step size and gradient norm: 
2021-08-30 19:03:46,911 - deformetrica.core.estimators.gradient_ascent - INFO - 		6.434E-09   and   5.728E+04 	[ v0 ]
2021-08-30 19:03:46,911 - deformetrica.core.estimators.gradient_ascent - INFO - 		4.812E-07   and   1.473E+03 	[ p0 ]
2021-08-30 19:03:46,912 - deformetrica.core.estimators.gradient_ascent - INFO - 		1.325E-06   and   8.829E+03 	[ metric_parameters ]
2021-08-30 19:03:46,912 - deformetrica.core.estimators.gradient_ascent - INFO - 		1.962E-06   and   1.501E+03 	[ modulation_matrix ]
2021-08-30 19:03:57,274 - deformetrica.core.estimators.gradient_ascent - INFO - --------------------------------- GA Iteration: 1/4 -----------------------------------
2021-08-30 19:03:57,275 - deformetrica.core.estimators.gradient_ascent - INFO - >> Log-likelihood = -5.245E+03 	 [ attachment = -4.846E+03 ; regularity = -3.990E+02 ]
2021-08-30 19:04:38,172 - deformetrica.core.estimators.gradient_ascent - INFO - >> Step size and gradient norm: 
2021-08-30 19:04:38,172 - deformetrica.core.estimators.gradient_ascent - INFO - 		9.652E-09   and   4.784E+04 	[ v0 ]
2021-08-30 19:04:38,173 - deformetrica.core.estimators.gradient_ascent - INFO - 		7.218E-07   and   5.530E+03 	[ p0 ]
2021-08-30 19:04:38,173 - deformetrica.core.estimators.gradient_ascent - INFO - 		1.987E-06   and   7.219E+03 	[ metric_parameters ]
2021-08-30 19:04:38,173 - deformetrica.core.estimators.gradient_ascent - INFO - 		2.943E-06   and   1.203E+03 	[ modulation_matrix ]
2021-08-30 19:05:29,942 - deformetrica.core.estimators.gradient_ascent - INFO - --------------------------------- GA Iteration: 2/4 -----------------------------------
2021-08-30 19:05:29,942 - deformetrica.core.estimators.gradient_ascent - INFO - >> Log-likelihood = -5.225E+03 	 [ attachment = -4.826E+03 ; regularity = -3.990E+02 ]
2021-08-30 19:06:11,395 - deformetrica.core.estimators.gradient_ascent - INFO - >> Step size and gradient norm: 
2021-08-30 19:06:11,396 - deformetrica.core.estimators.gradient_ascent - INFO - 		7.721E-09   and   4.129E+04 	[ v0 ]
2021-08-30 19:06:11,397 - deformetrica.core.estimators.gradient_ascent - INFO - 		7.218E-07   and   1.921E+03 	[ p0 ]
2021-08-30 19:06:11,397 - deformetrica.core.estimators.gradient_ascent - INFO - 		1.590E-06   and   8.854E+03 	[ metric_parameters ]
2021-08-30 19:06:11,397 - deformetrica.core.estimators.gradient_ascent - INFO - 		2.354E-06   and   1.434E+03 	[ modulation_matrix ]
2021-08-30 19:06:21,910 - deformetrica.core.estimators.gradient_ascent - INFO - --------------------------------- GA Iteration: 3/4 -----------------------------------
2021-08-30 19:06:21,910 - deformetrica.core.estimators.gradient_ascent - INFO - >> Log-likelihood = -5.211E+03 	 [ attachment = -4.812E+03 ; regularity = -3.990E+02 ]
2021-08-30 19:07:03,029 - deformetrica.core.estimators.gradient_ascent - INFO - >> Step size and gradient norm: 
2021-08-30 19:07:03,029 - deformetrica.core.estimators.gradient_ascent - INFO - 		1.158E-08   and   3.724E+04 	[ v0 ]
2021-08-30 19:07:03,029 - deformetrica.core.estimators.gradient_ascent - INFO - 		1.083E-06   and   6.988E+03 	[ p0 ]
2021-08-30 19:07:03,029 - deformetrica.core.estimators.gradient_ascent - INFO - 		2.385E-06   and   1.183E+04 	[ metric_parameters ]
2021-08-30 19:07:03,029 - deformetrica.core.estimators.gradient_ascent - INFO - 		3.532E-06   and   1.033E+03 	[ modulation_matrix ]
2021-08-30 19:07:54,448 - deformetrica.core.estimators.gradient_ascent - INFO - >> Step size and gradient norm: 
2021-08-30 19:07:54,448 - deformetrica.core.estimators.gradient_ascent - INFO - 		9.266E-09   and   3.724E+04 	[ v0 ]
2021-08-30 19:07:54,448 - deformetrica.core.estimators.gradient_ascent - INFO - 		8.662E-07   and   6.988E+03 	[ p0 ]
2021-08-30 19:07:54,448 - deformetrica.core.estimators.gradient_ascent - INFO - 		1.908E-06   and   1.183E+04 	[ metric_parameters ]
2021-08-30 19:07:54,448 - deformetrica.core.estimators.gradient_ascent - INFO - 		2.825E-06   and   1.033E+03 	[ modulation_matrix ]
2021-08-30 19:08:46,177 - deformetrica.core.estimators.gradient_ascent - INFO - >> Step size and gradient norm: 
2021-08-30 19:08:46,177 - deformetrica.core.estimators.gradient_ascent - INFO - 		7.412E-09   and   3.724E+04 	[ v0 ]
2021-08-30 19:08:46,177 - deformetrica.core.estimators.gradient_ascent - INFO - 		6.929E-07   and   6.988E+03 	[ p0 ]
2021-08-30 19:08:46,178 - deformetrica.core.estimators.gradient_ascent - INFO - 		1.526E-06   and   1.183E+04 	[ metric_parameters ]
2021-08-30 19:08:46,178 - deformetrica.core.estimators.gradient_ascent - INFO - 		2.260E-06   and   1.033E+03 	[ modulation_matrix ]
2021-08-30 19:09:37,800 - deformetrica.core.estimators.gradient_ascent - INFO - --------------------------------- GA Iteration: 4/4 -----------------------------------
2021-08-30 19:09:37,800 - deformetrica.core.estimators.gradient_ascent - INFO - >> Log-likelihood = -5.190E+03 	 [ attachment = -4.791E+03 ; regularity = -3.989E+02 ]
2021-08-30 19:09:37,800 - deformetrica.core.estimators.mcmc_saem - INFO - 
2021-08-30 19:09:37,800 - deformetrica.core.estimators.mcmc_saem - INFO - [ end of the gradient-based maximization ]
2021-08-30 19:09:37,807 - deformetrica.core.estimators.mcmc_saem - INFO - 
2021-08-30 19:09:37,807 - deformetrica.core.estimators.mcmc_saem - INFO - ---------------------------------- MCMC Iteration: 5 -------------------------------------
2021-08-30 19:09:37,807 - deformetrica.core.estimators.mcmc_saem - INFO - >> Average acceptance rates (all past iterations):
2021-08-30 19:09:37,807 - deformetrica.core.estimators.mcmc_saem - INFO -        40.15813953488372   onset_age
2021-08-30 19:09:37,807 - deformetrica.core.estimators.mcmc_saem - INFO -        41.86046511627906   log_acceleration
2021-08-30 19:09:37,807 - deformetrica.core.estimators.mcmc_saem - INFO -        33.14418604651163   sources
2021-08-30 19:09:37,807 - deformetrica.core.models.longitudinal_metric_learning - INFO - >> Model parameters:
2021-08-30 19:09:37,807 - deformetrica.core.models.longitudinal_metric_learning - INFO - 		 noise_variance    =	0.0959
2021-08-30 19:09:37,807 - deformetrica.core.models.longitudinal_metric_learning - INFO - 		 onset_ages        =	75.620	[ mean ]	+/-	9.4464	[std]
2021-08-30 19:09:37,808 - deformetrica.core.models.longitudinal_metric_learning - INFO - 		 log_accelerations =	-0.0000	[ mean ]	+/-	0.5325	[std]
2021-08-30 19:09:37,808 - deformetrica.core.models.longitudinal_metric_learning - INFO - 		 sources           =	0.0050	[ mean ]	+/-	1.0000	[std]
2021-08-30 19:12:51,058 - deformetrica.core.estimator_tools.samplers.srw_mhwg_sampler - INFO - >> Proposal std re-evaluated from:
		 6.074 	to	6.138 	[ onset_age ]
		 0.749 	to	0.752 	[ log_acceleration ]
		 0.790 	to	0.776 	[ sources ]
2021-08-30 19:13:01,565 - deformetrica.core.estimators.mcmc_saem - INFO - 
2021-08-30 19:13:01,565 - deformetrica.core.estimators.mcmc_saem - INFO - [ maximizing over the fixed effects with the GradientAscent optimizer ]
2021-08-30 19:13:44,107 - deformetrica.core.estimators.gradient_ascent - INFO - --------------------------------- GA Iteration: 0/4 -----------------------------------
2021-08-30 19:13:44,108 - deformetrica.core.estimators.gradient_ascent - INFO - >> Log-likelihood = -5.258E+03 	 [ attachment = -4.861E+03 ; regularity = -3.964E+02 ]
2021-08-30 19:13:44,108 - deformetrica.core.estimators.gradient_ascent - INFO - >> Step size and gradient norm: 
2021-08-30 19:13:44,108 - deformetrica.core.estimators.gradient_ascent - INFO - 		7.504E-09   and   5.058E+04 	[ v0 ]
2021-08-30 19:13:44,108 - deformetrica.core.estimators.gradient_ascent - INFO - 		5.543E-07   and   2.083E+03 	[ p0 ]
2021-08-30 19:13:44,109 - deformetrica.core.estimators.gradient_ascent - INFO - 		1.221E-06   and   9.250E+03 	[ metric_parameters ]
2021-08-30 19:13:44,109 - deformetrica.core.estimators.gradient_ascent - INFO - 		1.857E-06   and   1.477E+03 	[ modulation_matrix ]
2021-08-30 19:13:54,697 - deformetrica.core.estimators.gradient_ascent - INFO - --------------------------------- GA Iteration: 1/4 -----------------------------------
2021-08-30 19:13:54,697 - deformetrica.core.estimators.gradient_ascent - INFO - >> Log-likelihood = -5.230E+03 	 [ attachment = -4.834E+03 ; regularity = -3.964E+02 ]
2021-08-30 19:14:40,170 - deformetrica.core.estimators.gradient_ascent - INFO - >> Step size and gradient norm: 
2021-08-30 19:14:40,171 - deformetrica.core.estimators.gradient_ascent - INFO - 		1.126E-08   and   3.954E+04 	[ v0 ]
2021-08-30 19:14:40,171 - deformetrica.core.estimators.gradient_ascent - INFO - 		8.315E-07   and   4.940E+03 	[ p0 ]
2021-08-30 19:14:40,172 - deformetrica.core.estimators.gradient_ascent - INFO - 		1.831E-06   and   7.768E+03 	[ metric_parameters ]
2021-08-30 19:14:40,172 - deformetrica.core.estimators.gradient_ascent - INFO - 		2.785E-06   and   1.142E+03 	[ modulation_matrix ]
2021-08-30 19:14:52,057 - deformetrica.core.estimators.gradient_ascent - INFO - --------------------------------- GA Iteration: 2/4 -----------------------------------
2021-08-30 19:14:52,057 - deformetrica.core.estimators.gradient_ascent - INFO - >> Log-likelihood = -5.223E+03 	 [ attachment = -4.826E+03 ; regularity = -3.964E+02 ]
2021-08-30 19:15:38,475 - deformetrica.core.estimators.gradient_ascent - INFO - >> Step size and gradient norm: 
2021-08-30 19:15:38,476 - deformetrica.core.estimators.gradient_ascent - INFO - 		1.689E-08   and   3.700E+04 	[ v0 ]
2021-08-30 19:15:38,476 - deformetrica.core.estimators.gradient_ascent - INFO - 		1.247E-06   and   3.617E+03 	[ p0 ]
2021-08-30 19:15:38,477 - deformetrica.core.estimators.gradient_ascent - INFO - 		2.747E-06   and   1.137E+04 	[ metric_parameters ]
2021-08-30 19:15:38,477 - deformetrica.core.estimators.gradient_ascent - INFO - 		4.177E-06   and   1.577E+03 	[ modulation_matrix ]
2021-08-30 19:16:30,276 - deformetrica.core.estimators.gradient_ascent - INFO - >> Step size and gradient norm: 
2021-08-30 19:16:30,276 - deformetrica.core.estimators.gradient_ascent - INFO - 		1.351E-08   and   3.700E+04 	[ v0 ]
2021-08-30 19:16:30,276 - deformetrica.core.estimators.gradient_ascent - INFO - 		9.978E-07   and   3.617E+03 	[ p0 ]
2021-08-30 19:16:30,276 - deformetrica.core.estimators.gradient_ascent - INFO - 		2.198E-06   and   1.137E+04 	[ metric_parameters ]
2021-08-30 19:16:30,276 - deformetrica.core.estimators.gradient_ascent - INFO - 		3.342E-06   and   1.577E+03 	[ modulation_matrix ]
2021-08-30 19:17:21,911 - deformetrica.core.estimators.gradient_ascent - INFO - >> Step size and gradient norm: 
2021-08-30 19:17:21,912 - deformetrica.core.estimators.gradient_ascent - INFO - 		1.081E-08   and   3.700E+04 	[ v0 ]
2021-08-30 19:17:21,912 - deformetrica.core.estimators.gradient_ascent - INFO - 		7.982E-07   and   3.617E+03 	[ p0 ]
2021-08-30 19:17:21,912 - deformetrica.core.estimators.gradient_ascent - INFO - 		1.758E-06   and   1.137E+04 	[ metric_parameters ]
2021-08-30 19:17:21,912 - deformetrica.core.estimators.gradient_ascent - INFO - 		2.674E-06   and   1.577E+03 	[ modulation_matrix ]
2021-08-30 19:18:13,825 - deformetrica.core.estimators.gradient_ascent - INFO - --------------------------------- GA Iteration: 3/4 -----------------------------------
2021-08-30 19:18:13,825 - deformetrica.core.estimators.gradient_ascent - INFO - >> Log-likelihood = -5.201E+03 	 [ attachment = -4.804E+03 ; regularity = -3.964E+02 ]
2021-08-30 19:18:55,691 - deformetrica.core.estimators.gradient_ascent - INFO - >> Step size and gradient norm: 
2021-08-30 19:18:55,692 - deformetrica.core.estimators.gradient_ascent - INFO - 		8.645E-09   and   3.326E+04 	[ v0 ]
2021-08-30 19:18:55,693 - deformetrica.core.estimators.gradient_ascent - INFO - 		6.386E-07   and   6.917E+03 	[ p0 ]
2021-08-30 19:18:55,693 - deformetrica.core.estimators.gradient_ascent - INFO - 		1.407E-06   and   1.341E+04 	[ metric_parameters ]
2021-08-30 19:18:55,693 - deformetrica.core.estimators.gradient_ascent - INFO - 		2.674E-06   and   1.012E+03 	[ modulation_matrix ]
2021-08-30 19:19:47,533 - deformetrica.core.estimators.gradient_ascent - INFO - --------------------------------- GA Iteration: 4/4 -----------------------------------
2021-08-30 19:19:47,533 - deformetrica.core.estimators.gradient_ascent - INFO - >> Log-likelihood = -5.177E+03 	 [ attachment = -4.781E+03 ; regularity = -3.963E+02 ]
2021-08-30 19:19:47,533 - deformetrica.core.estimators.mcmc_saem - INFO - 
2021-08-30 19:19:47,533 - deformetrica.core.estimators.mcmc_saem - INFO - [ end of the gradient-based maximization ]
2021-08-30 19:19:47,540 - deformetrica.core.estimators.mcmc_saem - INFO - 
2021-08-30 19:19:47,540 - deformetrica.core.estimators.mcmc_saem - INFO - ---------------------------------- MCMC Iteration: 6 -------------------------------------
2021-08-30 19:19:47,541 - deformetrica.core.estimators.mcmc_saem - INFO - >> Average acceptance rates (all past iterations):
2021-08-30 19:19:47,541 - deformetrica.core.estimators.mcmc_saem - INFO -        39.24031007751939   onset_age
2021-08-30 19:19:47,541 - deformetrica.core.estimators.mcmc_saem - INFO -        40.3720930232558   log_acceleration
2021-08-30 19:19:47,541 - deformetrica.core.estimators.mcmc_saem - INFO -        33.09302325581396   sources
2021-08-30 19:19:47,541 - deformetrica.core.models.longitudinal_metric_learning - INFO - >> Model parameters:
2021-08-30 19:19:47,541 - deformetrica.core.models.longitudinal_metric_learning - INFO - 		 noise_variance    =	0.0958
2021-08-30 19:19:47,541 - deformetrica.core.models.longitudinal_metric_learning - INFO - 		 onset_ages        =	75.490	[ mean ]	+/-	9.3850	[std]
2021-08-30 19:19:47,541 - deformetrica.core.models.longitudinal_metric_learning - INFO - 		 log_accelerations =	-0.0000	[ mean ]	+/-	0.5405	[std]
2021-08-30 19:19:47,541 - deformetrica.core.models.longitudinal_metric_learning - INFO - 		 sources           =	0.0133	[ mean ]	+/-	1.0000	[std]
2021-08-30 19:22:52,770 - deformetrica.core.estimator_tools.samplers.srw_mhwg_sampler - INFO - >> Proposal std re-evaluated from:
		 5.956 	to	5.935 	[ onset_age ]
		 0.764 	to	0.757 	[ log_acceleration ]
		 0.765 	to	0.770 	[ sources ]
2021-08-30 19:23:03,074 - deformetrica.core.estimators.mcmc_saem - INFO - 
2021-08-30 19:23:03,074 - deformetrica.core.estimators.mcmc_saem - INFO - [ maximizing over the fixed effects with the GradientAscent optimizer ]
2021-08-30 19:23:44,998 - deformetrica.core.estimators.gradient_ascent - INFO - --------------------------------- GA Iteration: 0/4 -----------------------------------
2021-08-30 19:23:45,000 - deformetrica.core.estimators.gradient_ascent - INFO - >> Log-likelihood = -5.302E+03 	 [ attachment = -4.905E+03 ; regularity = -3.970E+02 ]
2021-08-30 19:23:45,000 - deformetrica.core.estimators.gradient_ascent - INFO - >> Step size and gradient norm: 
2021-08-30 19:23:45,000 - deformetrica.core.estimators.gradient_ascent - INFO - 		7.112E-09   and   5.352E+04 	[ v0 ]
2021-08-30 19:23:45,000 - deformetrica.core.estimators.gradient_ascent - INFO - 		5.109E-07   and   1.971E+03 	[ p0 ]
2021-08-30 19:23:45,000 - deformetrica.core.estimators.gradient_ascent - INFO - 		1.125E-06   and   8.618E+03 	[ metric_parameters ]
2021-08-30 19:23:45,000 - deformetrica.core.estimators.gradient_ascent - INFO - 		2.822E-06   and   1.614E+03 	[ modulation_matrix ]
2021-08-30 19:23:55,415 - deformetrica.core.estimators.gradient_ascent - INFO - --------------------------------- GA Iteration: 1/4 -----------------------------------
2021-08-30 19:23:55,415 - deformetrica.core.estimators.gradient_ascent - INFO - >> Log-likelihood = -5.247E+03 	 [ attachment = -4.850E+03 ; regularity = -3.970E+02 ]
2021-08-30 19:24:37,101 - deformetrica.core.estimators.gradient_ascent - INFO - >> Step size and gradient norm: 
2021-08-30 19:24:37,101 - deformetrica.core.estimators.gradient_ascent - INFO - 		1.067E-08   and   4.025E+04 	[ v0 ]
2021-08-30 19:24:37,101 - deformetrica.core.estimators.gradient_ascent - INFO - 		7.663E-07   and   3.857E+03 	[ p0 ]
2021-08-30 19:24:37,101 - deformetrica.core.estimators.gradient_ascent - INFO - 		1.688E-06   and   6.093E+03 	[ metric_parameters ]
2021-08-30 19:24:37,102 - deformetrica.core.estimators.gradient_ascent - INFO - 		4.233E-06   and   1.269E+03 	[ modulation_matrix ]
2021-08-30 19:24:48,909 - deformetrica.core.estimators.gradient_ascent - INFO - --------------------------------- GA Iteration: 2/4 -----------------------------------
2021-08-30 19:24:48,910 - deformetrica.core.estimators.gradient_ascent - INFO - >> Log-likelihood = -5.225E+03 	 [ attachment = -4.828E+03 ; regularity = -3.970E+02 ]
2021-08-30 19:25:30,568 - deformetrica.core.estimators.gradient_ascent - INFO - >> Step size and gradient norm: 
2021-08-30 19:25:30,568 - deformetrica.core.estimators.gradient_ascent - INFO - 		1.600E-08   and   3.484E+04 	[ v0 ]
2021-08-30 19:25:30,568 - deformetrica.core.estimators.gradient_ascent - INFO - 		1.149E-06   and   1.681E+03 	[ p0 ]
2021-08-30 19:25:30,568 - deformetrica.core.estimators.gradient_ascent - INFO - 		2.532E-06   and   7.146E+03 	[ metric_parameters ]
2021-08-30 19:25:30,568 - deformetrica.core.estimators.gradient_ascent - INFO - 		6.350E-06   and   1.427E+03 	[ modulation_matrix ]
2021-08-30 19:26:23,147 - deformetrica.core.estimators.gradient_ascent - INFO - >> Step size and gradient norm: 
2021-08-30 19:26:23,147 - deformetrica.core.estimators.gradient_ascent - INFO - 		1.280E-08   and   3.484E+04 	[ v0 ]
2021-08-30 19:26:23,147 - deformetrica.core.estimators.gradient_ascent - INFO - 		9.196E-07   and   1.681E+03 	[ p0 ]
2021-08-30 19:26:23,147 - deformetrica.core.estimators.gradient_ascent - INFO - 		2.025E-06   and   7.146E+03 	[ metric_parameters ]
2021-08-30 19:26:23,147 - deformetrica.core.estimators.gradient_ascent - INFO - 		5.080E-06   and   1.427E+03 	[ modulation_matrix ]
2021-08-30 19:27:15,222 - deformetrica.core.estimators.gradient_ascent - INFO - --------------------------------- GA Iteration: 3/4 -----------------------------------
2021-08-30 19:27:15,223 - deformetrica.core.estimators.gradient_ascent - INFO - >> Log-likelihood = -5.219E+03 	 [ attachment = -4.822E+03 ; regularity = -3.970E+02 ]
2021-08-30 19:27:56,479 - deformetrica.core.estimators.gradient_ascent - INFO - >> Step size and gradient norm: 
2021-08-30 19:27:56,481 - deformetrica.core.estimators.gradient_ascent - INFO - 		1.024E-08   and   2.761E+04 	[ v0 ]
2021-08-30 19:27:56,481 - deformetrica.core.estimators.gradient_ascent - INFO - 		7.357E-07   and   5.240E+03 	[ p0 ]
2021-08-30 19:27:56,481 - deformetrica.core.estimators.gradient_ascent - INFO - 		1.620E-06   and   1.078E+04 	[ metric_parameters ]
2021-08-30 19:27:56,481 - deformetrica.core.estimators.gradient_ascent - INFO - 		5.080E-06   and   1.069E+03 	[ modulation_matrix ]
2021-08-30 19:28:47,919 - deformetrica.core.estimators.gradient_ascent - INFO - --------------------------------- GA Iteration: 4/4 -----------------------------------
2021-08-30 19:28:47,919 - deformetrica.core.estimators.gradient_ascent - INFO - >> Log-likelihood = -5.192E+03 	 [ attachment = -4.795E+03 ; regularity = -3.970E+02 ]
2021-08-30 19:28:47,919 - deformetrica.core.estimators.mcmc_saem - INFO - 
2021-08-30 19:28:47,919 - deformetrica.core.estimators.mcmc_saem - INFO - [ end of the gradient-based maximization ]
2021-08-30 19:28:47,925 - deformetrica.core.estimators.mcmc_saem - INFO - 
2021-08-30 19:28:47,925 - deformetrica.core.estimators.mcmc_saem - INFO - ---------------------------------- MCMC Iteration: 7 -------------------------------------
2021-08-30 19:28:47,926 - deformetrica.core.estimators.mcmc_saem - INFO - >> Average acceptance rates (all past iterations):
2021-08-30 19:28:47,926 - deformetrica.core.estimators.mcmc_saem - INFO -        38.17275747508308   onset_age
2021-08-30 19:28:47,926 - deformetrica.core.estimators.mcmc_saem - INFO -        39.4485049833887   log_acceleration
2021-08-30 19:28:47,926 - deformetrica.core.estimators.mcmc_saem - INFO -        33.136212624584736   sources
2021-08-30 19:28:47,926 - deformetrica.core.models.longitudinal_metric_learning - INFO - >> Model parameters:
2021-08-30 19:28:47,926 - deformetrica.core.models.longitudinal_metric_learning - INFO - 		 noise_variance    =	0.0954
2021-08-30 19:28:47,926 - deformetrica.core.models.longitudinal_metric_learning - INFO - 		 onset_ages        =	75.373	[ mean ]	+/-	9.2381	[std]
2021-08-30 19:28:47,926 - deformetrica.core.models.longitudinal_metric_learning - INFO - 		 log_accelerations =	0.0000	[ mean ]	+/-	0.5438	[std]
2021-08-30 19:28:47,926 - deformetrica.core.models.longitudinal_metric_learning - INFO - 		 sources           =	0.0248	[ mean ]	+/-	1.0000	[std]
2021-08-30 19:31:53,365 - deformetrica.core.estimator_tools.samplers.srw_mhwg_sampler - INFO - >> Proposal std re-evaluated from:
		 6.017 	to	6.024 	[ onset_age ]
		 0.762 	to	0.763 	[ log_acceleration ]
		 0.783 	to	0.775 	[ sources ]
2021-08-30 19:32:03,628 - deformetrica.core.estimators.mcmc_saem - INFO - 
2021-08-30 19:32:03,628 - deformetrica.core.estimators.mcmc_saem - INFO - [ maximizing over the fixed effects with the GradientAscent optimizer ]
2021-08-30 19:32:44,906 - deformetrica.core.estimators.gradient_ascent - INFO - --------------------------------- GA Iteration: 0/4 -----------------------------------
2021-08-30 19:32:44,907 - deformetrica.core.estimators.gradient_ascent - INFO - >> Log-likelihood = -5.274E+03 	 [ attachment = -4.868E+03 ; regularity = -4.058E+02 ]
2021-08-30 19:32:44,907 - deformetrica.core.estimators.gradient_ascent - INFO - >> Step size and gradient norm: 
2021-08-30 19:32:44,908 - deformetrica.core.estimators.gradient_ascent - INFO - 		1.056E-08   and   4.150E+04 	[ v0 ]
2021-08-30 19:32:44,908 - deformetrica.core.estimators.gradient_ascent - INFO - 		5.885E-07   and   1.810E+03 	[ p0 ]
2021-08-30 19:32:44,908 - deformetrica.core.estimators.gradient_ascent - INFO - 		1.296E-06   and   7.979E+03 	[ metric_parameters ]
2021-08-30 19:32:44,908 - deformetrica.core.estimators.gradient_ascent - INFO - 		4.382E-06   and   1.717E+03 	[ modulation_matrix ]
2021-08-30 19:32:55,670 - deformetrica.core.estimators.gradient_ascent - INFO - --------------------------------- GA Iteration: 1/4 -----------------------------------
2021-08-30 19:32:55,671 - deformetrica.core.estimators.gradient_ascent - INFO - >> Log-likelihood = -5.238E+03 	 [ attachment = -4.832E+03 ; regularity = -4.058E+02 ]
2021-08-30 19:33:37,515 - deformetrica.core.estimators.gradient_ascent - INFO - >> Step size and gradient norm: 
2021-08-30 19:33:37,517 - deformetrica.core.estimators.gradient_ascent - INFO - 		1.584E-08   and   3.110E+04 	[ v0 ]
2021-08-30 19:33:37,517 - deformetrica.core.estimators.gradient_ascent - INFO - 		8.828E-07   and   4.482E+03 	[ p0 ]
2021-08-30 19:33:37,517 - deformetrica.core.estimators.gradient_ascent - INFO - 		1.944E-06   and   8.339E+03 	[ metric_parameters ]
2021-08-30 19:33:37,517 - deformetrica.core.estimators.gradient_ascent - INFO - 		6.573E-06   and   1.354E+03 	[ modulation_matrix ]
2021-08-30 19:34:29,090 - deformetrica.core.estimators.gradient_ascent - INFO - --------------------------------- GA Iteration: 2/4 -----------------------------------
2021-08-30 19:34:29,091 - deformetrica.core.estimators.gradient_ascent - INFO - >> Log-likelihood = -5.217E+03 	 [ attachment = -4.811E+03 ; regularity = -4.058E+02 ]
2021-08-30 19:35:10,685 - deformetrica.core.estimators.gradient_ascent - INFO - >> Step size and gradient norm: 
2021-08-30 19:35:10,685 - deformetrica.core.estimators.gradient_ascent - INFO - 		1.267E-08   and   2.810E+04 	[ v0 ]
2021-08-30 19:35:10,686 - deformetrica.core.estimators.gradient_ascent - INFO - 		7.062E-07   and   2.963E+03 	[ p0 ]
2021-08-30 19:35:10,686 - deformetrica.core.estimators.gradient_ascent - INFO - 		1.556E-06   and   9.440E+03 	[ metric_parameters ]
2021-08-30 19:35:10,686 - deformetrica.core.estimators.gradient_ascent - INFO - 		6.573E-06   and   1.582E+03 	[ modulation_matrix ]
2021-08-30 19:36:02,662 - deformetrica.core.estimators.gradient_ascent - INFO - --------------------------------- GA Iteration: 3/4 -----------------------------------
2021-08-30 19:36:02,663 - deformetrica.core.estimators.gradient_ascent - INFO - >> Log-likelihood = -5.188E+03 	 [ attachment = -4.782E+03 ; regularity = -4.058E+02 ]
2021-08-30 19:36:44,394 - deformetrica.core.estimators.gradient_ascent - INFO - >> Step size and gradient norm: 
2021-08-30 19:36:44,395 - deformetrica.core.estimators.gradient_ascent - INFO - 		1.014E-08   and   2.224E+04 	[ v0 ]
2021-08-30 19:36:44,395 - deformetrica.core.estimators.gradient_ascent - INFO - 		5.650E-07   and   4.503E+03 	[ p0 ]
2021-08-30 19:36:44,396 - deformetrica.core.estimators.gradient_ascent - INFO - 		1.244E-06   and   9.743E+03 	[ metric_parameters ]
2021-08-30 19:36:44,396 - deformetrica.core.estimators.gradient_ascent - INFO - 		6.573E-06   and   1.050E+03 	[ modulation_matrix ]
2021-08-30 19:36:54,798 - deformetrica.core.estimators.gradient_ascent - INFO - --------------------------------- GA Iteration: 4/4 -----------------------------------
2021-08-30 19:36:54,798 - deformetrica.core.estimators.gradient_ascent - INFO - >> Log-likelihood = -5.180E+03 	 [ attachment = -4.774E+03 ; regularity = -4.058E+02 ]
2021-08-30 19:36:54,798 - deformetrica.core.estimators.mcmc_saem - INFO - 
2021-08-30 19:36:54,798 - deformetrica.core.estimators.mcmc_saem - INFO - [ end of the gradient-based maximization ]
2021-08-30 19:36:54,805 - deformetrica.core.estimators.mcmc_saem - INFO - 
2021-08-30 19:36:54,805 - deformetrica.core.estimators.mcmc_saem - INFO - ---------------------------------- MCMC Iteration: 8 -------------------------------------
2021-08-30 19:36:54,805 - deformetrica.core.estimators.mcmc_saem - INFO - >> Average acceptance rates (all past iterations):
2021-08-30 19:36:54,805 - deformetrica.core.estimators.mcmc_saem - INFO -        37.68023255813956   onset_age
2021-08-30 19:36:54,805 - deformetrica.core.estimators.mcmc_saem - INFO -        38.74418604651163   log_acceleration
2021-08-30 19:36:54,805 - deformetrica.core.estimators.mcmc_saem - INFO -        33.267441860465134   sources
2021-08-30 19:36:54,805 - deformetrica.core.models.longitudinal_metric_learning - INFO - >> Model parameters:
2021-08-30 19:36:54,805 - deformetrica.core.models.longitudinal_metric_learning - INFO - 		 noise_variance    =	0.0955
2021-08-30 19:36:54,805 - deformetrica.core.models.longitudinal_metric_learning - INFO - 		 onset_ages        =	75.131	[ mean ]	+/-	9.0712	[std]
2021-08-30 19:36:54,805 - deformetrica.core.models.longitudinal_metric_learning - INFO - 		 log_accelerations =	-0.0000	[ mean ]	+/-	0.5275	[std]
2021-08-30 19:36:54,805 - deformetrica.core.models.longitudinal_metric_learning - INFO - 		 sources           =	0.0038	[ mean ]	+/-	1.0000	[std]
2021-08-30 19:39:59,622 - deformetrica.core.estimator_tools.samplers.srw_mhwg_sampler - INFO - >> Proposal std re-evaluated from:
		 5.903 	to	5.818 	[ onset_age ]
		 0.762 	to	0.760 	[ log_acceleration ]
		 0.778 	to	0.780 	[ sources ]
2021-08-30 19:40:09,916 - deformetrica.core.estimators.mcmc_saem - INFO - 
2021-08-30 19:40:09,917 - deformetrica.core.estimators.mcmc_saem - INFO - [ maximizing over the fixed effects with the GradientAscent optimizer ]
2021-08-30 19:40:51,365 - deformetrica.core.estimators.gradient_ascent - INFO - --------------------------------- GA Iteration: 0/4 -----------------------------------
2021-08-30 19:40:51,365 - deformetrica.core.estimators.gradient_ascent - INFO - >> Log-likelihood = -5.201E+03 	 [ attachment = -4.795E+03 ; regularity = -4.066E+02 ]
2021-08-30 19:40:51,365 - deformetrica.core.estimators.gradient_ascent - INFO - >> Step size and gradient norm: 
2021-08-30 19:40:51,365 - deformetrica.core.estimators.gradient_ascent - INFO - 		1.527E-08   and   3.607E+04 	[ v0 ]
2021-08-30 19:40:51,365 - deformetrica.core.estimators.gradient_ascent - INFO - 		8.475E-07   and   1.573E+03 	[ p0 ]
2021-08-30 19:40:51,366 - deformetrica.core.estimators.gradient_ascent - INFO - 		1.867E-06   and   6.187E+03 	[ metric_parameters ]
2021-08-30 19:40:51,366 - deformetrica.core.estimators.gradient_ascent - INFO - 		9.980E-06   and   1.308E+03 	[ modulation_matrix ]
2021-08-30 19:41:01,765 - deformetrica.core.estimators.gradient_ascent - INFO - --------------------------------- GA Iteration: 1/4 -----------------------------------
2021-08-30 19:41:01,765 - deformetrica.core.estimators.gradient_ascent - INFO - >> Log-likelihood = -5.183E+03 	 [ attachment = -4.777E+03 ; regularity = -4.066E+02 ]
2021-08-30 19:41:42,952 - deformetrica.core.estimators.gradient_ascent - INFO - >> Step size and gradient norm: 
2021-08-30 19:41:42,952 - deformetrica.core.estimators.gradient_ascent - INFO - 		2.291E-08   and   2.911E+04 	[ v0 ]
2021-08-30 19:41:42,952 - deformetrica.core.estimators.gradient_ascent - INFO - 		1.271E-06   and   5.287E+03 	[ p0 ]
2021-08-30 19:41:42,952 - deformetrica.core.estimators.gradient_ascent - INFO - 		2.800E-06   and   1.238E+04 	[ metric_parameters ]
2021-08-30 19:41:42,952 - deformetrica.core.estimators.gradient_ascent - INFO - 		1.497E-05   and   8.224E+02 	[ modulation_matrix ]
2021-08-30 19:42:34,473 - deformetrica.core.estimators.gradient_ascent - INFO - >> Step size and gradient norm: 
2021-08-30 19:42:34,473 - deformetrica.core.estimators.gradient_ascent - INFO - 		1.833E-08   and   2.911E+04 	[ v0 ]
2021-08-30 19:42:34,473 - deformetrica.core.estimators.gradient_ascent - INFO - 		1.017E-06   and   5.287E+03 	[ p0 ]
2021-08-30 19:42:34,473 - deformetrica.core.estimators.gradient_ascent - INFO - 		2.240E-06   and   1.238E+04 	[ metric_parameters ]
2021-08-30 19:42:34,473 - deformetrica.core.estimators.gradient_ascent - INFO - 		1.198E-05   and   8.224E+02 	[ modulation_matrix ]
2021-08-30 19:43:26,065 - deformetrica.core.estimators.gradient_ascent - INFO - >> Step size and gradient norm: 
2021-08-30 19:43:26,065 - deformetrica.core.estimators.gradient_ascent - INFO - 		1.466E-08   and   2.911E+04 	[ v0 ]
2021-08-30 19:43:26,065 - deformetrica.core.estimators.gradient_ascent - INFO - 		8.136E-07   and   5.287E+03 	[ p0 ]
2021-08-30 19:43:26,065 - deformetrica.core.estimators.gradient_ascent - INFO - 		1.792E-06   and   1.238E+04 	[ metric_parameters ]
2021-08-30 19:43:26,065 - deformetrica.core.estimators.gradient_ascent - INFO - 		9.581E-06   and   8.224E+02 	[ modulation_matrix ]
2021-08-30 19:44:17,849 - deformetrica.core.estimators.gradient_ascent - INFO - --------------------------------- GA Iteration: 2/4 -----------------------------------
2021-08-30 19:44:17,849 - deformetrica.core.estimators.gradient_ascent - INFO - >> Log-likelihood = -5.177E+03 	 [ attachment = -4.770E+03 ; regularity = -4.066E+02 ]
2021-08-30 19:44:58,838 - deformetrica.core.estimators.gradient_ascent - INFO - >> Step size and gradient norm: 
2021-08-30 19:44:58,839 - deformetrica.core.estimators.gradient_ascent - INFO - 		1.173E-08   and   2.964E+04 	[ v0 ]
2021-08-30 19:44:58,839 - deformetrica.core.estimators.gradient_ascent - INFO - 		6.509E-07   and   4.135E+03 	[ p0 ]
2021-08-30 19:44:58,840 - deformetrica.core.estimators.gradient_ascent - INFO - 		1.434E-06   and   1.102E+04 	[ metric_parameters ]
2021-08-30 19:44:58,840 - deformetrica.core.estimators.gradient_ascent - INFO - 		9.581E-06   and   1.273E+03 	[ modulation_matrix ]
2021-08-30 19:45:09,209 - deformetrica.core.estimators.gradient_ascent - INFO - --------------------------------- GA Iteration: 3/4 -----------------------------------
2021-08-30 19:45:09,210 - deformetrica.core.estimators.gradient_ascent - INFO - >> Log-likelihood = -5.167E+03 	 [ attachment = -4.761E+03 ; regularity = -4.066E+02 ]
2021-08-30 19:45:50,526 - deformetrica.core.estimators.gradient_ascent - INFO - >> Step size and gradient norm: 
2021-08-30 19:45:50,527 - deformetrica.core.estimators.gradient_ascent - INFO - 		1.760E-08   and   2.964E+04 	[ v0 ]
2021-08-30 19:45:50,527 - deformetrica.core.estimators.gradient_ascent - INFO - 		9.763E-07   and   5.728E+03 	[ p0 ]
2021-08-30 19:45:50,527 - deformetrica.core.estimators.gradient_ascent - INFO - 		2.150E-06   and   1.452E+04 	[ metric_parameters ]
2021-08-30 19:45:50,527 - deformetrica.core.estimators.gradient_ascent - INFO - 		1.437E-05   and   6.159E+02 	[ modulation_matrix ]
2021-08-30 19:46:42,060 - deformetrica.core.estimators.gradient_ascent - INFO - >> Step size and gradient norm: 
2021-08-30 19:46:42,060 - deformetrica.core.estimators.gradient_ascent - INFO - 		1.408E-08   and   2.964E+04 	[ v0 ]
2021-08-30 19:46:42,060 - deformetrica.core.estimators.gradient_ascent - INFO - 		7.810E-07   and   5.728E+03 	[ p0 ]
2021-08-30 19:46:42,060 - deformetrica.core.estimators.gradient_ascent - INFO - 		1.720E-06   and   1.452E+04 	[ metric_parameters ]
2021-08-30 19:46:42,061 - deformetrica.core.estimators.gradient_ascent - INFO - 		1.150E-05   and   6.159E+02 	[ modulation_matrix ]
2021-08-30 19:47:33,479 - deformetrica.core.estimators.gradient_ascent - INFO - --------------------------------- GA Iteration: 4/4 -----------------------------------
2021-08-30 19:47:33,479 - deformetrica.core.estimators.gradient_ascent - INFO - >> Log-likelihood = -5.159E+03 	 [ attachment = -4.752E+03 ; regularity = -4.066E+02 ]
2021-08-30 19:47:33,479 - deformetrica.core.estimators.mcmc_saem - INFO - 
2021-08-30 19:47:33,480 - deformetrica.core.estimators.mcmc_saem - INFO - [ end of the gradient-based maximization ]
2021-08-30 19:47:33,486 - deformetrica.core.estimators.mcmc_saem - INFO - 
2021-08-30 19:47:33,486 - deformetrica.core.estimators.mcmc_saem - INFO - ---------------------------------- MCMC Iteration: 9 -------------------------------------
2021-08-30 19:47:33,486 - deformetrica.core.estimators.mcmc_saem - INFO - >> Average acceptance rates (all past iterations):
2021-08-30 19:47:33,486 - deformetrica.core.estimators.mcmc_saem - INFO -        37.01291989664085   onset_age
2021-08-30 19:47:33,486 - deformetrica.core.estimators.mcmc_saem - INFO -        38.14470284237726   log_acceleration
2021-08-30 19:47:33,486 - deformetrica.core.estimators.mcmc_saem - INFO -        33.33333333333335   sources
2021-08-30 19:47:33,486 - deformetrica.core.models.longitudinal_metric_learning - INFO - >> Model parameters:
2021-08-30 19:47:33,486 - deformetrica.core.models.longitudinal_metric_learning - INFO - 		 noise_variance    =	0.0956
2021-08-30 19:47:33,487 - deformetrica.core.models.longitudinal_metric_learning - INFO - 		 onset_ages        =	75.294	[ mean ]	+/-	8.7044	[std]
2021-08-30 19:47:33,487 - deformetrica.core.models.longitudinal_metric_learning - INFO - 		 log_accelerations =	0.0000	[ mean ]	+/-	0.5400	[std]
2021-08-30 19:47:33,487 - deformetrica.core.models.longitudinal_metric_learning - INFO - 		 sources           =	0.0115	[ mean ]	+/-	1.0000	[std]
2021-08-30 19:50:38,380 - deformetrica.core.estimator_tools.samplers.srw_mhwg_sampler - INFO - >> Proposal std re-evaluated from:
		 5.742 	to	5.745 	[ onset_age ]
		 0.776 	to	0.773 	[ log_acceleration ]
		 0.739 	to	0.742 	[ sources ]
2021-08-30 19:50:48,709 - deformetrica.core.estimators.mcmc_saem - INFO - 
2021-08-30 19:50:48,709 - deformetrica.core.estimators.mcmc_saem - INFO - [ maximizing over the fixed effects with the GradientAscent optimizer ]
2021-08-30 19:51:30,293 - deformetrica.core.estimators.gradient_ascent - INFO - --------------------------------- GA Iteration: 0/4 -----------------------------------
2021-08-30 19:51:30,294 - deformetrica.core.estimators.gradient_ascent - INFO - >> Log-likelihood = -5.214E+03 	 [ attachment = -4.812E+03 ; regularity = -4.018E+02 ]
2021-08-30 19:51:30,294 - deformetrica.core.estimators.gradient_ascent - INFO - >> Step size and gradient norm: 
2021-08-30 19:51:30,294 - deformetrica.core.estimators.gradient_ascent - INFO - 		1.450E-08   and   4.418E+04 	[ v0 ]
2021-08-30 19:51:30,294 - deformetrica.core.estimators.gradient_ascent - INFO - 		6.248E-07   and   4.479E+03 	[ p0 ]
2021-08-30 19:51:30,294 - deformetrica.core.estimators.gradient_ascent - INFO - 		1.376E-06   and   1.294E+04 	[ metric_parameters ]
2021-08-30 19:51:30,295 - deformetrica.core.estimators.gradient_ascent - INFO - 		1.043E-05   and   1.746E+03 	[ modulation_matrix ]
2021-08-30 19:51:40,729 - deformetrica.core.estimators.gradient_ascent - INFO - --------------------------------- GA Iteration: 1/4 -----------------------------------
2021-08-30 19:51:40,729 - deformetrica.core.estimators.gradient_ascent - INFO - >> Log-likelihood = -5.138E+03 	 [ attachment = -4.736E+03 ; regularity = -4.018E+02 ]
2021-08-30 19:52:22,227 - deformetrica.core.estimators.gradient_ascent - INFO - >> Step size and gradient norm: 
2021-08-30 19:52:22,229 - deformetrica.core.estimators.gradient_ascent - INFO - 		2.176E-08   and   3.306E+04 	[ v0 ]
2021-08-30 19:52:22,229 - deformetrica.core.estimators.gradient_ascent - INFO - 		9.372E-07   and   5.811E+03 	[ p0 ]
2021-08-30 19:52:22,230 - deformetrica.core.estimators.gradient_ascent - INFO - 		2.064E-06   and   1.340E+04 	[ metric_parameters ]
2021-08-30 19:52:22,230 - deformetrica.core.estimators.gradient_ascent - INFO - 		1.564E-05   and   1.163E+03 	[ modulation_matrix ]
2021-08-30 19:53:13,718 - deformetrica.core.estimators.gradient_ascent - INFO - >> Step size and gradient norm: 
2021-08-30 19:53:13,718 - deformetrica.core.estimators.gradient_ascent - INFO - 		1.741E-08   and   3.306E+04 	[ v0 ]
2021-08-30 19:53:13,718 - deformetrica.core.estimators.gradient_ascent - INFO - 		7.498E-07   and   5.811E+03 	[ p0 ]
2021-08-30 19:53:13,718 - deformetrica.core.estimators.gradient_ascent - INFO - 		1.651E-06   and   1.340E+04 	[ metric_parameters ]
2021-08-30 19:53:13,718 - deformetrica.core.estimators.gradient_ascent - INFO - 		1.251E-05   and   1.163E+03 	[ modulation_matrix ]
2021-08-30 19:54:05,197 - deformetrica.core.estimators.gradient_ascent - INFO - --------------------------------- GA Iteration: 2/4 -----------------------------------
2021-08-30 19:54:05,197 - deformetrica.core.estimators.gradient_ascent - INFO - >> Log-likelihood = -5.123E+03 	 [ attachment = -4.721E+03 ; regularity = -4.018E+02 ]
2021-08-30 19:54:46,314 - deformetrica.core.estimators.gradient_ascent - INFO - >> Step size and gradient norm: 
2021-08-30 19:54:46,316 - deformetrica.core.estimators.gradient_ascent - INFO - 		1.392E-08   and   2.817E+04 	[ v0 ]
2021-08-30 19:54:46,316 - deformetrica.core.estimators.gradient_ascent - INFO - 		7.498E-07   and   3.686E+03 	[ p0 ]
2021-08-30 19:54:46,317 - deformetrica.core.estimators.gradient_ascent - INFO - 		1.321E-06   and   9.972E+03 	[ metric_parameters ]
2021-08-30 19:54:46,317 - deformetrica.core.estimators.gradient_ascent - INFO - 		1.001E-05   and   1.297E+03 	[ modulation_matrix ]
2021-08-30 19:54:56,677 - deformetrica.core.estimators.gradient_ascent - INFO - --------------------------------- GA Iteration: 3/4 -----------------------------------
2021-08-30 19:54:56,678 - deformetrica.core.estimators.gradient_ascent - INFO - >> Log-likelihood = -5.111E+03 	 [ attachment = -4.709E+03 ; regularity = -4.018E+02 ]
2021-08-30 19:55:38,340 - deformetrica.core.estimators.gradient_ascent - INFO - >> Step size and gradient norm: 
2021-08-30 19:55:38,340 - deformetrica.core.estimators.gradient_ascent - INFO - 		2.089E-08   and   2.571E+04 	[ v0 ]
2021-08-30 19:55:38,341 - deformetrica.core.estimators.gradient_ascent - INFO - 		1.125E-06   and   4.552E+03 	[ p0 ]
2021-08-30 19:55:38,341 - deformetrica.core.estimators.gradient_ascent - INFO - 		1.982E-06   and   1.182E+04 	[ metric_parameters ]
2021-08-30 19:55:38,341 - deformetrica.core.estimators.gradient_ascent - INFO - 		1.502E-05   and   7.756E+02 	[ modulation_matrix ]
2021-08-30 19:56:30,317 - deformetrica.core.estimators.gradient_ascent - INFO - >> Step size and gradient norm: 
2021-08-30 19:56:30,317 - deformetrica.core.estimators.gradient_ascent - INFO - 		1.671E-08   and   2.571E+04 	[ v0 ]
2021-08-30 19:56:30,317 - deformetrica.core.estimators.gradient_ascent - INFO - 		8.998E-07   and   4.552E+03 	[ p0 ]
2021-08-30 19:56:30,317 - deformetrica.core.estimators.gradient_ascent - INFO - 		1.585E-06   and   1.182E+04 	[ metric_parameters ]
2021-08-30 19:56:30,317 - deformetrica.core.estimators.gradient_ascent - INFO - 		1.201E-05   and   7.756E+02 	[ modulation_matrix ]
2021-08-30 19:57:22,000 - deformetrica.core.estimators.gradient_ascent - INFO - --------------------------------- GA Iteration: 4/4 -----------------------------------
2021-08-30 19:57:22,001 - deformetrica.core.estimators.gradient_ascent - INFO - >> Log-likelihood = -5.089E+03 	 [ attachment = -4.687E+03 ; regularity = -4.018E+02 ]
2021-08-30 19:57:22,001 - deformetrica.core.estimators.mcmc_saem - INFO - 
2021-08-30 19:57:22,001 - deformetrica.core.estimators.mcmc_saem - INFO - [ end of the gradient-based maximization ]
2021-08-30 19:57:22,007 - deformetrica.core.estimators.mcmc_saem - INFO - 
2021-08-30 19:57:22,007 - deformetrica.core.estimators.mcmc_saem - INFO - ---------------------------------- MCMC Iteration: 10 -------------------------------------
2021-08-30 19:57:22,007 - deformetrica.core.estimators.mcmc_saem - INFO - >> Average acceptance rates (all past iterations):
2021-08-30 19:57:22,007 - deformetrica.core.estimators.mcmc_saem - INFO -        36.59069767441863   onset_age
2021-08-30 19:57:22,007 - deformetrica.core.estimators.mcmc_saem - INFO -        37.80930232558137   log_acceleration
2021-08-30 19:57:22,008 - deformetrica.core.estimators.mcmc_saem - INFO -        33.08837209302327   sources
2021-08-30 19:57:22,008 - deformetrica.core.models.longitudinal_metric_learning - INFO - >> Model parameters:
2021-08-30 19:57:22,008 - deformetrica.core.models.longitudinal_metric_learning - INFO - 		 noise_variance    =	0.0961
2021-08-30 19:57:22,008 - deformetrica.core.models.longitudinal_metric_learning - INFO - 		 onset_ages        =	75.325	[ mean ]	+/-	9.0399	[std]
2021-08-30 19:57:22,008 - deformetrica.core.models.longitudinal_metric_learning - INFO - 		 log_accelerations =	-0.0000	[ mean ]	+/-	0.5397	[std]
2021-08-30 19:57:22,008 - deformetrica.core.models.longitudinal_metric_learning - INFO - 		 sources           =	0.0374	[ mean ]	+/-	1.0000	[std]
2021-08-30 20:00:43,364 - deformetrica.core.estimator_tools.samplers.srw_mhwg_sampler - INFO - >> Proposal std re-evaluated from:
		 5.849 	to	5.868 	[ onset_age ]
		 0.767 	to	0.772 	[ log_acceleration ]
		 0.762 	to	0.763 	[ sources ]
2021-08-30 20:00:53,946 - deformetrica.core.estimators.mcmc_saem - INFO - 
2021-08-30 20:00:53,946 - deformetrica.core.estimators.mcmc_saem - INFO - ---------------------------------- MCMC Iteration: 11 -------------------------------------
2021-08-30 20:00:53,946 - deformetrica.core.estimators.mcmc_saem - INFO - >> Average acceptance rates (all past iterations):
2021-08-30 20:00:53,946 - deformetrica.core.estimators.mcmc_saem - INFO -        36.46511627906976   onset_age
2021-08-30 20:00:53,946 - deformetrica.core.estimators.mcmc_saem - INFO -        37.4164904862579   log_acceleration
2021-08-30 20:00:53,946 - deformetrica.core.estimators.mcmc_saem - INFO -        33.34038054968289   sources
2021-08-30 20:00:53,946 - deformetrica.core.models.longitudinal_metric_learning - INFO - >> Model parameters:
2021-08-30 20:00:53,946 - deformetrica.core.models.longitudinal_metric_learning - INFO - 		 noise_variance    =	0.0956
2021-08-30 20:00:53,946 - deformetrica.core.models.longitudinal_metric_learning - INFO - 		 onset_ages        =	75.221	[ mean ]	+/-	8.9608	[std]
2021-08-30 20:00:53,947 - deformetrica.core.models.longitudinal_metric_learning - INFO - 		 log_accelerations =	0.0000	[ mean ]	+/-	0.5448	[std]
2021-08-30 20:00:53,947 - deformetrica.core.models.longitudinal_metric_learning - INFO - 		 sources           =	0.0161	[ mean ]	+/-	1.0000	[std]
2021-08-30 20:03:59,525 - deformetrica.core.estimator_tools.samplers.srw_mhwg_sampler - INFO - >> Proposal std re-evaluated from:
		 5.938 	to	5.962 	[ onset_age ]
		 0.787 	to	0.785 	[ log_acceleration ]
		 0.766 	to	0.763 	[ sources ]
2021-08-30 20:04:09,783 - deformetrica.core.estimators.mcmc_saem - INFO - 
2021-08-30 20:04:09,783 - deformetrica.core.estimators.mcmc_saem - INFO - ---------------------------------- MCMC Iteration: 12 -------------------------------------
2021-08-30 20:04:09,783 - deformetrica.core.estimators.mcmc_saem - INFO - >> Average acceptance rates (all past iterations):
2021-08-30 20:04:09,783 - deformetrica.core.estimators.mcmc_saem - INFO -        36.33333333333333   onset_age
2021-08-30 20:04:09,783 - deformetrica.core.estimators.mcmc_saem - INFO -        37.20930232558137   log_acceleration
2021-08-30 20:04:09,783 - deformetrica.core.estimators.mcmc_saem - INFO -        33.35658914728683   sources
2021-08-30 20:04:09,783 - deformetrica.core.models.longitudinal_metric_learning - INFO - >> Model parameters:
2021-08-30 20:04:09,783 - deformetrica.core.models.longitudinal_metric_learning - INFO - 		 noise_variance    =	0.0953
2021-08-30 20:04:09,783 - deformetrica.core.models.longitudinal_metric_learning - INFO - 		 onset_ages        =	75.250	[ mean ]	+/-	9.1764	[std]
2021-08-30 20:04:09,784 - deformetrica.core.models.longitudinal_metric_learning - INFO - 		 log_accelerations =	0.0000	[ mean ]	+/-	0.5400	[std]
2021-08-30 20:04:09,784 - deformetrica.core.models.longitudinal_metric_learning - INFO - 		 sources           =	0.0314	[ mean ]	+/-	1.0000	[std]
2021-08-30 20:07:13,524 - deformetrica.core.estimator_tools.samplers.srw_mhwg_sampler - INFO - >> Proposal std re-evaluated from:
		 6.005 	to	6.036 	[ onset_age ]
		 0.776 	to	0.780 	[ log_acceleration ]
		 0.766 	to	0.769 	[ sources ]
2021-08-30 20:07:23,741 - deformetrica.core.estimators.mcmc_saem - INFO - 
2021-08-30 20:07:23,741 - deformetrica.core.estimators.mcmc_saem - INFO - ---------------------------------- MCMC Iteration: 13 -------------------------------------
2021-08-30 20:07:23,741 - deformetrica.core.estimators.mcmc_saem - INFO - >> Average acceptance rates (all past iterations):
2021-08-30 20:07:23,741 - deformetrica.core.estimators.mcmc_saem - INFO -        36.182468694096606   onset_age
2021-08-30 20:07:23,741 - deformetrica.core.estimators.mcmc_saem - INFO -        36.930232558139515   log_acceleration
2021-08-30 20:07:23,741 - deformetrica.core.estimators.mcmc_saem - INFO -        33.40966010733454   sources
2021-08-30 20:07:23,741 - deformetrica.core.models.longitudinal_metric_learning - INFO - >> Model parameters:
2021-08-30 20:07:23,742 - deformetrica.core.models.longitudinal_metric_learning - INFO - 		 noise_variance    =	0.0956
2021-08-30 20:07:23,742 - deformetrica.core.models.longitudinal_metric_learning - INFO - 		 onset_ages        =	75.245	[ mean ]	+/-	9.2996	[std]
2021-08-30 20:07:23,742 - deformetrica.core.models.longitudinal_metric_learning - INFO - 		 log_accelerations =	0.0000	[ mean ]	+/-	0.5446	[std]
2021-08-30 20:07:23,742 - deformetrica.core.models.longitudinal_metric_learning - INFO - 		 sources           =	0.0132	[ mean ]	+/-	1.0000	[std]
2021-08-30 20:10:28,453 - deformetrica.core.estimator_tools.samplers.srw_mhwg_sampler - INFO - >> Proposal std re-evaluated from:
		 6.080 	to	6.098 	[ onset_age ]
		 0.792 	to	0.792 	[ log_acceleration ]
		 0.782 	to	0.784 	[ sources ]
2021-08-30 20:10:38,675 - deformetrica.core.estimators.mcmc_saem - INFO - 
2021-08-30 20:10:38,675 - deformetrica.core.estimators.mcmc_saem - INFO - ---------------------------------- MCMC Iteration: 14 -------------------------------------
2021-08-30 20:10:38,675 - deformetrica.core.estimators.mcmc_saem - INFO - >> Average acceptance rates (all past iterations):
2021-08-30 20:10:38,675 - deformetrica.core.estimators.mcmc_saem - INFO -        36.03986710963456   onset_age
2021-08-30 20:10:38,675 - deformetrica.core.estimators.mcmc_saem - INFO -        36.77076411960132   log_acceleration
2021-08-30 20:10:38,675 - deformetrica.core.estimators.mcmc_saem - INFO -        33.53820598006646   sources
2021-08-30 20:10:38,675 - deformetrica.core.models.longitudinal_metric_learning - INFO - >> Model parameters:
2021-08-30 20:10:38,675 - deformetrica.core.models.longitudinal_metric_learning - INFO - 		 noise_variance    =	0.0958
2021-08-30 20:10:38,675 - deformetrica.core.models.longitudinal_metric_learning - INFO - 		 onset_ages        =	75.310	[ mean ]	+/-	9.6646	[std]
2021-08-30 20:10:38,675 - deformetrica.core.models.longitudinal_metric_learning - INFO - 		 log_accelerations =	-0.0000	[ mean ]	+/-	0.5445	[std]
2021-08-30 20:10:38,676 - deformetrica.core.models.longitudinal_metric_learning - INFO - 		 sources           =	0.0100	[ mean ]	+/-	1.0000	[std]
2021-08-30 20:13:42,248 - deformetrica.core.estimator_tools.samplers.srw_mhwg_sampler - INFO - >> Proposal std re-evaluated from:
		 6.069 	to	6.128 	[ onset_age ]
		 0.796 	to	0.797 	[ log_acceleration ]
		 0.788 	to	0.789 	[ sources ]
2021-08-30 20:13:52,701 - deformetrica.core.estimators.mcmc_saem - INFO - 
2021-08-30 20:13:52,702 - deformetrica.core.estimators.mcmc_saem - INFO - [ maximizing over the fixed effects with the GradientAscent optimizer ]
2021-08-30 20:14:33,843 - deformetrica.core.estimators.gradient_ascent - INFO - --------------------------------- GA Iteration: 0/4 -----------------------------------
2021-08-30 20:14:33,844 - deformetrica.core.estimators.gradient_ascent - INFO - >> Log-likelihood = -5.419E+03 	 [ attachment = -5.017E+03 ; regularity = -4.021E+02 ]
2021-08-30 20:14:33,844 - deformetrica.core.estimators.gradient_ascent - INFO - >> Step size and gradient norm: 
2021-08-30 20:14:33,845 - deformetrica.core.estimators.gradient_ascent - INFO - 		1.780E-08   and   6.553E+04 	[ v0 ]
2021-08-30 20:14:33,845 - deformetrica.core.estimators.gradient_ascent - INFO - 		7.198E-07   and   2.246E+03 	[ p0 ]
2021-08-30 20:14:33,845 - deformetrica.core.estimators.gradient_ascent - INFO - 		1.268E-06   and   1.005E+04 	[ metric_parameters ]
2021-08-30 20:14:33,845 - deformetrica.core.estimators.gradient_ascent - INFO - 		1.241E-05   and   2.495E+03 	[ modulation_matrix ]
2021-08-30 20:14:44,179 - deformetrica.core.estimators.gradient_ascent - INFO - --------------------------------- GA Iteration: 1/4 -----------------------------------
2021-08-30 20:14:44,179 - deformetrica.core.estimators.gradient_ascent - INFO - >> Log-likelihood = -5.303E+03 	 [ attachment = -4.901E+03 ; regularity = -4.021E+02 ]
2021-08-30 20:15:25,338 - deformetrica.core.estimators.gradient_ascent - INFO - >> Step size and gradient norm: 
2021-08-30 20:15:25,340 - deformetrica.core.estimators.gradient_ascent - INFO - 		2.671E-08   and   3.990E+04 	[ v0 ]
2021-08-30 20:15:25,340 - deformetrica.core.estimators.gradient_ascent - INFO - 		1.080E-06   and   5.765E+03 	[ p0 ]
2021-08-30 20:15:25,341 - deformetrica.core.estimators.gradient_ascent - INFO - 		1.903E-06   and   1.121E+04 	[ metric_parameters ]
2021-08-30 20:15:25,341 - deformetrica.core.estimators.gradient_ascent - INFO - 		1.861E-05   and   1.740E+03 	[ modulation_matrix ]
2021-08-30 20:16:16,989 - deformetrica.core.estimators.gradient_ascent - INFO - --------------------------------- GA Iteration: 2/4 -----------------------------------
2021-08-30 20:16:16,989 - deformetrica.core.estimators.gradient_ascent - INFO - >> Log-likelihood = -5.267E+03 	 [ attachment = -4.865E+03 ; regularity = -4.020E+02 ]
2021-08-30 20:16:58,205 - deformetrica.core.estimators.gradient_ascent - INFO - >> Step size and gradient norm: 
2021-08-30 20:16:58,206 - deformetrica.core.estimators.gradient_ascent - INFO - 		2.137E-08   and   3.907E+04 	[ v0 ]
2021-08-30 20:16:58,207 - deformetrica.core.estimators.gradient_ascent - INFO - 		1.080E-06   and   4.555E+03 	[ p0 ]
2021-08-30 20:16:58,207 - deformetrica.core.estimators.gradient_ascent - INFO - 		1.522E-06   and   1.306E+04 	[ metric_parameters ]
2021-08-30 20:16:58,207 - deformetrica.core.estimators.gradient_ascent - INFO - 		1.489E-05   and   1.921E+03 	[ modulation_matrix ]
2021-08-30 20:17:49,473 - deformetrica.core.estimators.gradient_ascent - INFO - --------------------------------- GA Iteration: 3/4 -----------------------------------
2021-08-30 20:17:49,473 - deformetrica.core.estimators.gradient_ascent - INFO - >> Log-likelihood = -5.219E+03 	 [ attachment = -4.817E+03 ; regularity = -4.020E+02 ]
2021-08-30 20:18:30,504 - deformetrica.core.estimators.gradient_ascent - INFO - >> Step size and gradient norm: 
2021-08-30 20:18:30,505 - deformetrica.core.estimators.gradient_ascent - INFO - 		1.709E-08   and   3.246E+04 	[ v0 ]
2021-08-30 20:18:30,505 - deformetrica.core.estimators.gradient_ascent - INFO - 		8.638E-07   and   5.809E+03 	[ p0 ]
2021-08-30 20:18:30,506 - deformetrica.core.estimators.gradient_ascent - INFO - 		1.218E-06   and   1.420E+04 	[ metric_parameters ]
2021-08-30 20:18:30,506 - deformetrica.core.estimators.gradient_ascent - INFO - 		1.489E-05   and   1.013E+03 	[ modulation_matrix ]
2021-08-30 20:18:40,842 - deformetrica.core.estimators.gradient_ascent - INFO - --------------------------------- GA Iteration: 4/4 -----------------------------------
2021-08-30 20:18:40,842 - deformetrica.core.estimators.gradient_ascent - INFO - >> Log-likelihood = -5.196E+03 	 [ attachment = -4.794E+03 ; regularity = -4.020E+02 ]
2021-08-30 20:18:40,842 - deformetrica.core.estimators.mcmc_saem - INFO - 
2021-08-30 20:18:40,842 - deformetrica.core.estimators.mcmc_saem - INFO - [ end of the gradient-based maximization ]
2021-08-30 20:18:40,849 - deformetrica.core.estimators.mcmc_saem - INFO - 
2021-08-30 20:18:40,849 - deformetrica.core.estimators.mcmc_saem - INFO - ---------------------------------- MCMC Iteration: 15 -------------------------------------
2021-08-30 20:18:40,849 - deformetrica.core.estimators.mcmc_saem - INFO - >> Average acceptance rates (all past iterations):
2021-08-30 20:18:40,849 - deformetrica.core.estimators.mcmc_saem - INFO -        35.91317829457365   onset_age
2021-08-30 20:18:40,849 - deformetrica.core.estimators.mcmc_saem - INFO -        36.60465116279068   log_acceleration
2021-08-30 20:18:40,849 - deformetrica.core.estimators.mcmc_saem - INFO -        33.572093023255825   sources
2021-08-30 20:18:40,849 - deformetrica.core.models.longitudinal_metric_learning - INFO - >> Model parameters:
2021-08-30 20:18:40,849 - deformetrica.core.models.longitudinal_metric_learning - INFO - 		 noise_variance    =	0.0953
2021-08-30 20:18:40,849 - deformetrica.core.models.longitudinal_metric_learning - INFO - 		 onset_ages        =	75.341	[ mean ]	+/-	9.5147	[std]
2021-08-30 20:18:40,849 - deformetrica.core.models.longitudinal_metric_learning - INFO - 		 log_accelerations =	0.0000	[ mean ]	+/-	0.5206	[std]
2021-08-30 20:18:40,849 - deformetrica.core.models.longitudinal_metric_learning - INFO - 		 sources           =	0.0344	[ mean ]	+/-	1.0000	[std]
2021-08-30 20:21:44,429 - deformetrica.core.estimator_tools.samplers.srw_mhwg_sampler - INFO - >> Proposal std re-evaluated from:
		 6.063 	to	6.054 	[ onset_age ]
		 0.796 	to	0.799 	[ log_acceleration ]
		 0.783 	to	0.781 	[ sources ]
2021-08-30 20:21:54,700 - deformetrica.core.estimators.mcmc_saem - INFO - 
2021-08-30 20:21:54,700 - deformetrica.core.estimators.mcmc_saem - INFO - ---------------------------------- MCMC Iteration: 16 -------------------------------------
2021-08-30 20:21:54,700 - deformetrica.core.estimators.mcmc_saem - INFO - >> Average acceptance rates (all past iterations):
2021-08-30 20:21:54,700 - deformetrica.core.estimators.mcmc_saem - INFO -        35.69767441860466   onset_age
2021-08-30 20:21:54,700 - deformetrica.core.estimators.mcmc_saem - INFO -        36.4127906976744   log_acceleration
2021-08-30 20:21:54,700 - deformetrica.core.estimators.mcmc_saem - INFO -        33.53488372093025   sources
2021-08-30 20:21:54,701 - deformetrica.core.models.longitudinal_metric_learning - INFO - >> Model parameters:
2021-08-30 20:21:54,701 - deformetrica.core.models.longitudinal_metric_learning - INFO - 		 noise_variance    =	0.0957
2021-08-30 20:21:54,701 - deformetrica.core.models.longitudinal_metric_learning - INFO - 		 onset_ages        =	75.309	[ mean ]	+/-	9.0693	[std]
2021-08-30 20:21:54,701 - deformetrica.core.models.longitudinal_metric_learning - INFO - 		 log_accelerations =	-0.0000	[ mean ]	+/-	0.5366	[std]
2021-08-30 20:21:54,701 - deformetrica.core.models.longitudinal_metric_learning - INFO - 		 sources           =	0.0170	[ mean ]	+/-	1.0000	[std]
2021-08-30 20:25:05,467 - deformetrica.core.estimator_tools.samplers.srw_mhwg_sampler - INFO - >> Proposal std re-evaluated from:
		 6.056 	to	6.065 	[ onset_age ]
		 0.790 	to	0.790 	[ log_acceleration ]
		 0.797 	to	0.801 	[ sources ]
2021-08-30 20:25:16,067 - deformetrica.core.estimators.mcmc_saem - INFO - 
2021-08-30 20:25:16,067 - deformetrica.core.estimators.mcmc_saem - INFO - ---------------------------------- MCMC Iteration: 17 -------------------------------------
2021-08-30 20:25:16,067 - deformetrica.core.estimators.mcmc_saem - INFO - >> Average acceptance rates (all past iterations):
2021-08-30 20:25:16,067 - deformetrica.core.estimators.mcmc_saem - INFO -        35.57865937072504   onset_age
2021-08-30 20:25:16,067 - deformetrica.core.estimators.mcmc_saem - INFO -        36.180574555403545   log_acceleration
2021-08-30 20:25:16,067 - deformetrica.core.estimators.mcmc_saem - INFO -        33.69083447332424   sources
2021-08-30 20:25:16,067 - deformetrica.core.models.longitudinal_metric_learning - INFO - >> Model parameters:
2021-08-30 20:25:16,068 - deformetrica.core.models.longitudinal_metric_learning - INFO - 		 noise_variance    =	0.0956
2021-08-30 20:25:16,068 - deformetrica.core.models.longitudinal_metric_learning - INFO - 		 onset_ages        =	75.257	[ mean ]	+/-	9.1589	[std]
2021-08-30 20:25:16,068 - deformetrica.core.models.longitudinal_metric_learning - INFO - 		 log_accelerations =	0.0000	[ mean ]	+/-	0.5482	[std]
2021-08-30 20:25:16,068 - deformetrica.core.models.longitudinal_metric_learning - INFO - 		 sources           =	0.0260	[ mean ]	+/-	1.0000	[std]
2021-08-30 20:28:30,303 - deformetrica.core.estimator_tools.samplers.srw_mhwg_sampler - INFO - >> Proposal std re-evaluated from:
		 6.134 	to	6.154 	[ onset_age ]
		 0.790 	to	0.787 	[ log_acceleration ]
		 0.808 	to	0.810 	[ sources ]
2021-08-31 08:07:19,129 - deformetrica.core.estimators.mcmc_saem - INFO - 
2021-08-31 08:07:19,130 - deformetrica.core.estimators.mcmc_saem - INFO - ---------------------------------- MCMC Iteration: 18 -------------------------------------
2021-08-31 08:07:19,130 - deformetrica.core.estimators.mcmc_saem - INFO - >> Average acceptance rates (all past iterations):
2021-08-31 08:07:19,130 - deformetrica.core.estimators.mcmc_saem - INFO -        35.540051679586576   onset_age
2021-08-31 08:07:19,130 - deformetrica.core.estimators.mcmc_saem - INFO -        36.00258397932814   log_acceleration
2021-08-31 08:07:19,130 - deformetrica.core.estimators.mcmc_saem - INFO -        33.72868217054266   sources
2021-08-31 08:07:19,130 - deformetrica.core.models.longitudinal_metric_learning - INFO - >> Model parameters:
2021-08-31 08:07:19,130 - deformetrica.core.models.longitudinal_metric_learning - INFO - 		 noise_variance    =	0.0950
2021-08-31 08:07:19,130 - deformetrica.core.models.longitudinal_metric_learning - INFO - 		 onset_ages        =	75.428	[ mean ]	+/-	9.3453	[std]
2021-08-31 08:07:19,131 - deformetrica.core.models.longitudinal_metric_learning - INFO - 		 log_accelerations =	-0.0000	[ mean ]	+/-	0.5691	[std]
2021-08-31 08:07:19,131 - deformetrica.core.models.longitudinal_metric_learning - INFO - 		 sources           =	0.0157	[ mean ]	+/-	1.0000	[std]
2021-08-31 08:50:23,971 - deformetrica.core.estimator_tools.samplers.srw_mhwg_sampler - INFO - >> Proposal std re-evaluated from:
		 6.233 	to	6.206 	[ onset_age ]
		 0.791 	to	0.793 	[ log_acceleration ]
		 0.813 	to	0.812 	[ sources ]
2021-08-31 08:50:39,739 - deformetrica.core.estimators.mcmc_saem - INFO - 
2021-08-31 08:50:39,739 - deformetrica.core.estimators.mcmc_saem - INFO - ---------------------------------- MCMC Iteration: 19 -------------------------------------
2021-08-31 08:50:39,739 - deformetrica.core.estimators.mcmc_saem - INFO - >> Average acceptance rates (all past iterations):
2021-08-31 08:50:39,739 - deformetrica.core.estimators.mcmc_saem - INFO -        35.478580171358644   onset_age
2021-08-31 08:50:39,739 - deformetrica.core.estimators.mcmc_saem - INFO -        35.916768665850654   log_acceleration
2021-08-31 08:50:39,739 - deformetrica.core.estimators.mcmc_saem - INFO -        33.723378212974325   sources
2021-08-31 08:50:39,740 - deformetrica.core.models.longitudinal_metric_learning - INFO - >> Model parameters:
2021-08-31 08:50:39,740 - deformetrica.core.models.longitudinal_metric_learning - INFO - 		 noise_variance    =	0.0951
2021-08-31 08:50:39,740 - deformetrica.core.models.longitudinal_metric_learning - INFO - 		 onset_ages        =	75.527	[ mean ]	+/-	9.5977	[std]
2021-08-31 08:50:39,740 - deformetrica.core.models.longitudinal_metric_learning - INFO - 		 log_accelerations =	-0.0000	[ mean ]	+/-	0.5630	[std]
2021-08-31 08:50:39,741 - deformetrica.core.models.longitudinal_metric_learning - INFO - 		 sources           =	0.0303	[ mean ]	+/-	1.0000	[std]
